{"C:\\Users\\ACER\\Documents\\BinarMsib\\final-project-be-c2\\app.js": {"path":"C:\\Users\\ACER\\Documents\\BinarMsib\\final-project-be-c2\\app.js","statementMap":{"0":{"start":{"line":1,"column":16},"end":{"line":1,"column":34}},"1":{"start":{"line":2,"column":15},"end":{"line":2,"column":32}},"2":{"start":{"line":3,"column":14},"end":{"line":3,"column":30}},"3":{"start":{"line":5,"column":24},"end":{"line":5,"column":64}},"4":{"start":{"line":6,"column":15},"end":{"line":6,"column":34}},"5":{"start":{"line":7,"column":13},"end":{"line":7,"column":28}},"6":{"start":{"line":9,"column":12},"end":{"line":9,"column":21}},"7":{"start":{"line":12,"column":0},"end":{"line":12,"column":16}},"8":{"start":{"line":13,"column":0},"end":{"line":13,"column":24}},"9":{"start":{"line":14,"column":0},"end":{"line":14,"column":23}},"10":{"start":{"line":15,"column":0},"end":{"line":15,"column":49}},"11":{"start":{"line":17,"column":0},"end":{"line":20,"column":3}},"12":{"start":{"line":18,"column":2},"end":{"line":18,"column":37}},"13":{"start":{"line":19,"column":2},"end":{"line":19,"column":9}},"14":{"start":{"line":22,"column":0},"end":{"line":22,"column":16}},"15":{"start":{"line":24,"column":0},"end":{"line":24,"column":32}},"16":{"start":{"line":25,"column":0},"end":{"line":25,"column":33}},"17":{"start":{"line":27,"column":0},"end":{"line":27,"column":21}}},"fnMap":{"0":{"name":"(anonymous_0)","decl":{"start":{"line":17,"column":8},"end":{"line":17,"column":9}},"loc":{"start":{"line":17,"column":28},"end":{"line":20,"column":1}},"line":17}},"branchMap":{},"s":{"0":1,"1":1,"2":1,"3":1,"4":1,"5":1,"6":1,"7":1,"8":1,"9":1,"10":1,"11":1,"12":6,"13":6,"14":1,"15":1,"16":1,"17":1},"f":{"0":6},"b":{},"_coverageSchema":"1a1c01bbd47fc00a2c39e90264f33305004495a9","hash":"b423d6b6df92b5a3e6d5e2b3e84da9adb77a9f27"}
,"C:\\Users\\ACER\\Documents\\BinarMsib\\final-project-be-c2\\config\\database.js": {"path":"C:\\Users\\ACER\\Documents\\BinarMsib\\final-project-be-c2\\config\\database.js","statementMap":{"0":{"start":{"line":1,"column":0},"end":{"line":1,"column":27}},"1":{"start":{"line":3,"column":0},"end":{"line":25,"column":2}}},"fnMap":{},"branchMap":{},"s":{"0":1,"1":1},"f":{},"b":{},"_coverageSchema":"1a1c01bbd47fc00a2c39e90264f33305004495a9","hash":"1f755f3237435b7c06e4ca680771b2e887514499"}
,"C:\\Users\\ACER\\Documents\\BinarMsib\\final-project-be-c2\\controllers\\airlineController.js": {"path":"C:\\Users\\ACER\\Documents\\BinarMsib\\final-project-be-c2\\controllers\\airlineController.js","statementMap":{"0":{"start":{"line":1,"column":21},"end":{"line":1,"column":41}},"1":{"start":{"line":2,"column":17},"end":{"line":2,"column":45}},"2":{"start":{"line":3,"column":17},"end":{"line":3,"column":45}},"3":{"start":{"line":5,"column":20},"end":{"line":23,"column":1}},"4":{"start":{"line":6,"column":2},"end":{"line":22,"column":3}},"5":{"start":{"line":7,"column":18},"end":{"line":7,"column":46}},"6":{"start":{"line":8,"column":22},"end":{"line":8,"column":45}},"7":{"start":{"line":11,"column":26},"end":{"line":15,"column":6}},"8":{"start":{"line":16,"column":4},"end":{"line":18,"column":5}},"9":{"start":{"line":17,"column":6},"end":{"line":17,"column":63}},"10":{"start":{"line":19,"column":4},"end":{"line":19,"column":29}},"11":{"start":{"line":21,"column":4},"end":{"line":21,"column":48}},"12":{"start":{"line":25,"column":23},"end":{"line":38,"column":1}},"13":{"start":{"line":26,"column":2},"end":{"line":37,"column":3}},"14":{"start":{"line":27,"column":24},"end":{"line":27,"column":48}},"15":{"start":{"line":29,"column":4},"end":{"line":34,"column":7}},"16":{"start":{"line":36,"column":4},"end":{"line":36,"column":48}},"17":{"start":{"line":40,"column":23},"end":{"line":56,"column":1}},"18":{"start":{"line":41,"column":2},"end":{"line":55,"column":3}},"19":{"start":{"line":42,"column":15},"end":{"line":42,"column":28}},"20":{"start":{"line":43,"column":20},"end":{"line":43,"column":47}},"21":{"start":{"line":44,"column":4},"end":{"line":46,"column":5}},"22":{"start":{"line":45,"column":6},"end":{"line":45,"column":43}},"23":{"start":{"line":47,"column":4},"end":{"line":52,"column":7}},"24":{"start":{"line":54,"column":4},"end":{"line":54,"column":48}},"25":{"start":{"line":58,"column":22},"end":{"line":94,"column":1}},"26":{"start":{"line":59,"column":2},"end":{"line":93,"column":3}},"27":{"start":{"line":60,"column":29},"end":{"line":60,"column":37}},"28":{"start":{"line":61,"column":17},"end":{"line":61,"column":25}},"29":{"start":{"line":63,"column":4},"end":{"line":65,"column":5}},"30":{"start":{"line":64,"column":6},"end":{"line":64,"column":68}},"31":{"start":{"line":67,"column":4},"end":{"line":69,"column":5}},"32":{"start":{"line":68,"column":6},"end":{"line":68,"column":57}},"33":{"start":{"line":72,"column":4},"end":{"line":74,"column":5}},"34":{"start":{"line":73,"column":6},"end":{"line":73,"column":38}},"35":{"start":{"line":76,"column":17},"end":{"line":79,"column":5}},"36":{"start":{"line":81,"column":23},"end":{"line":81,"column":50}},"37":{"start":{"line":83,"column":4},"end":{"line":87,"column":7}},"38":{"start":{"line":89,"column":4},"end":{"line":92,"column":7}},"39":{"start":{"line":96,"column":22},"end":{"line":157,"column":1}},"40":{"start":{"line":97,"column":2},"end":{"line":156,"column":3}},"41":{"start":{"line":98,"column":15},"end":{"line":98,"column":28}},"42":{"start":{"line":99,"column":20},"end":{"line":99,"column":47}},"43":{"start":{"line":100,"column":29},"end":{"line":100,"column":37}},"44":{"start":{"line":102,"column":4},"end":{"line":104,"column":5}},"45":{"start":{"line":103,"column":6},"end":{"line":103,"column":58}},"46":{"start":{"line":106,"column":17},"end":{"line":106,"column":31}},"47":{"start":{"line":108,"column":4},"end":{"line":110,"column":5}},"48":{"start":{"line":109,"column":6},"end":{"line":109,"column":73}},"49":{"start":{"line":112,"column":4},"end":{"line":137,"column":5}},"50":{"start":{"line":113,"column":18},"end":{"line":113,"column":41}},"51":{"start":{"line":115,"column":6},"end":{"line":125,"column":8}},"52":{"start":{"line":127,"column":6},"end":{"line":136,"column":8}},"53":{"start":{"line":139,"column":24},"end":{"line":143,"column":6}},"54":{"start":{"line":145,"column":4},"end":{"line":150,"column":7}},"55":{"start":{"line":152,"column":4},"end":{"line":155,"column":7}},"56":{"start":{"line":159,"column":22},"end":{"line":180,"column":1}},"57":{"start":{"line":160,"column":2},"end":{"line":179,"column":3}},"58":{"start":{"line":161,"column":20},"end":{"line":161,"column":58}},"59":{"start":{"line":163,"column":4},"end":{"line":165,"column":5}},"60":{"start":{"line":164,"column":6},"end":{"line":164,"column":58}},"61":{"start":{"line":167,"column":4},"end":{"line":171,"column":7}},"62":{"start":{"line":172,"column":4},"end":{"line":176,"column":7}},"63":{"start":{"line":178,"column":4},"end":{"line":178,"column":48}},"64":{"start":{"line":181,"column":0},"end":{"line":187,"column":2}}},"fnMap":{"0":{"name":"(anonymous_0)","decl":{"start":{"line":5,"column":20},"end":{"line":5,"column":21}},"loc":{"start":{"line":5,"column":36},"end":{"line":23,"column":1}},"line":5},"1":{"name":"(anonymous_1)","decl":{"start":{"line":25,"column":23},"end":{"line":25,"column":24}},"loc":{"start":{"line":25,"column":49},"end":{"line":38,"column":1}},"line":25},"2":{"name":"(anonymous_2)","decl":{"start":{"line":40,"column":23},"end":{"line":40,"column":24}},"loc":{"start":{"line":40,"column":49},"end":{"line":56,"column":1}},"line":40},"3":{"name":"(anonymous_3)","decl":{"start":{"line":58,"column":22},"end":{"line":58,"column":23}},"loc":{"start":{"line":58,"column":48},"end":{"line":94,"column":1}},"line":58},"4":{"name":"(anonymous_4)","decl":{"start":{"line":96,"column":22},"end":{"line":96,"column":23}},"loc":{"start":{"line":96,"column":48},"end":{"line":157,"column":1}},"line":96},"5":{"name":"(anonymous_5)","decl":{"start":{"line":159,"column":22},"end":{"line":159,"column":23}},"loc":{"start":{"line":159,"column":48},"end":{"line":180,"column":1}},"line":159}},"branchMap":{"0":{"loc":{"start":{"line":16,"column":4},"end":{"line":18,"column":5}},"type":"if","locations":[{"start":{"line":16,"column":4},"end":{"line":18,"column":5}},{"start":{},"end":{}}],"line":16},"1":{"loc":{"start":{"line":44,"column":4},"end":{"line":46,"column":5}},"type":"if","locations":[{"start":{"line":44,"column":4},"end":{"line":46,"column":5}},{"start":{},"end":{}}],"line":44},"2":{"loc":{"start":{"line":63,"column":4},"end":{"line":65,"column":5}},"type":"if","locations":[{"start":{"line":63,"column":4},"end":{"line":65,"column":5}},{"start":{},"end":{}}],"line":63},"3":{"loc":{"start":{"line":63,"column":8},"end":{"line":63,"column":69}},"type":"binary-expr","locations":[{"start":{"line":63,"column":8},"end":{"line":63,"column":21}},{"start":{"line":63,"column":25},"end":{"line":63,"column":46}},{"start":{"line":63,"column":50},"end":{"line":63,"column":69}}],"line":63},"4":{"loc":{"start":{"line":67,"column":4},"end":{"line":69,"column":5}},"type":"if","locations":[{"start":{"line":67,"column":4},"end":{"line":69,"column":5}},{"start":{},"end":{}}],"line":67},"5":{"loc":{"start":{"line":72,"column":4},"end":{"line":74,"column":5}},"type":"if","locations":[{"start":{"line":72,"column":4},"end":{"line":74,"column":5}},{"start":{},"end":{}}],"line":72},"6":{"loc":{"start":{"line":102,"column":4},"end":{"line":104,"column":5}},"type":"if","locations":[{"start":{"line":102,"column":4},"end":{"line":104,"column":5}},{"start":{},"end":{}}],"line":102},"7":{"loc":{"start":{"line":106,"column":17},"end":{"line":106,"column":31}},"type":"binary-expr","locations":[{"start":{"line":106,"column":17},"end":{"line":106,"column":25}},{"start":{"line":106,"column":29},"end":{"line":106,"column":31}}],"line":106},"8":{"loc":{"start":{"line":108,"column":4},"end":{"line":110,"column":5}},"type":"if","locations":[{"start":{"line":108,"column":4},"end":{"line":110,"column":5}},{"start":{},"end":{}}],"line":108},"9":{"loc":{"start":{"line":108,"column":8},"end":{"line":108,"column":69}},"type":"binary-expr","locations":[{"start":{"line":108,"column":8},"end":{"line":108,"column":21}},{"start":{"line":108,"column":25},"end":{"line":108,"column":46}},{"start":{"line":108,"column":50},"end":{"line":108,"column":69}}],"line":108},"10":{"loc":{"start":{"line":112,"column":4},"end":{"line":137,"column":5}},"type":"if","locations":[{"start":{"line":112,"column":4},"end":{"line":137,"column":5}},{"start":{"line":126,"column":11},"end":{"line":137,"column":5}}],"line":112},"11":{"loc":{"start":{"line":163,"column":4},"end":{"line":165,"column":5}},"type":"if","locations":[{"start":{"line":163,"column":4},"end":{"line":165,"column":5}},{"start":{},"end":{}}],"line":163}},"s":{"0":1,"1":1,"2":1,"3":1,"4":0,"5":0,"6":0,"7":0,"8":0,"9":0,"10":0,"11":0,"12":1,"13":0,"14":0,"15":0,"16":0,"17":1,"18":0,"19":0,"20":0,"21":0,"22":0,"23":0,"24":0,"25":1,"26":0,"27":0,"28":0,"29":0,"30":0,"31":0,"32":0,"33":0,"34":0,"35":0,"36":0,"37":0,"38":0,"39":1,"40":0,"41":0,"42":0,"43":0,"44":0,"45":0,"46":0,"47":0,"48":0,"49":0,"50":0,"51":0,"52":0,"53":0,"54":0,"55":0,"56":1,"57":0,"58":0,"59":0,"60":0,"61":0,"62":0,"63":0,"64":1},"f":{"0":0,"1":0,"2":0,"3":0,"4":0,"5":0},"b":{"0":[0,0],"1":[0,0],"2":[0,0],"3":[0,0,0],"4":[0,0],"5":[0,0],"6":[0,0],"7":[0,0],"8":[0,0],"9":[0,0,0],"10":[0,0],"11":[0,0]},"_coverageSchema":"1a1c01bbd47fc00a2c39e90264f33305004495a9","hash":"f5c0763cbdb1712b57243cc99c2156f1d9c3c1d1"}
,"C:\\Users\\ACER\\Documents\\BinarMsib\\final-project-be-c2\\controllers\\airportController.js": {"path":"C:\\Users\\ACER\\Documents\\BinarMsib\\final-project-be-c2\\controllers\\airportController.js","statementMap":{"0":{"start":{"line":1,"column":21},"end":{"line":1,"column":41}},"1":{"start":{"line":2,"column":17},"end":{"line":2,"column":45}},"2":{"start":{"line":3,"column":17},"end":{"line":3,"column":45}},"3":{"start":{"line":5,"column":20},"end":{"line":23,"column":1}},"4":{"start":{"line":6,"column":2},"end":{"line":22,"column":3}},"5":{"start":{"line":7,"column":18},"end":{"line":7,"column":46}},"6":{"start":{"line":8,"column":22},"end":{"line":8,"column":45}},"7":{"start":{"line":11,"column":26},"end":{"line":15,"column":6}},"8":{"start":{"line":16,"column":4},"end":{"line":18,"column":5}},"9":{"start":{"line":17,"column":6},"end":{"line":17,"column":63}},"10":{"start":{"line":19,"column":4},"end":{"line":19,"column":29}},"11":{"start":{"line":21,"column":4},"end":{"line":21,"column":23}},"12":{"start":{"line":25,"column":20},"end":{"line":74,"column":1}},"13":{"start":{"line":26,"column":2},"end":{"line":73,"column":3}},"14":{"start":{"line":28,"column":6},"end":{"line":28,"column":15}},"15":{"start":{"line":30,"column":22},"end":{"line":30,"column":24}},"16":{"start":{"line":33,"column":4},"end":{"line":33,"column":74}},"17":{"start":{"line":33,"column":21},"end":{"line":33,"column":74}},"18":{"start":{"line":36,"column":4},"end":{"line":36,"column":51}},"19":{"start":{"line":36,"column":19},"end":{"line":36,"column":51}},"20":{"start":{"line":39,"column":4},"end":{"line":39,"column":79}},"21":{"start":{"line":39,"column":21},"end":{"line":39,"column":79}},"22":{"start":{"line":42,"column":4},"end":{"line":42,"column":59}},"23":{"start":{"line":42,"column":14},"end":{"line":42,"column":59}},"24":{"start":{"line":44,"column":20},"end":{"line":44,"column":39}},"25":{"start":{"line":45,"column":21},"end":{"line":45,"column":42}},"26":{"start":{"line":46,"column":19},"end":{"line":46,"column":43}},"27":{"start":{"line":48,"column":23},"end":{"line":48,"column":65}},"28":{"start":{"line":49,"column":21},"end":{"line":53,"column":6}},"29":{"start":{"line":55,"column":23},"end":{"line":55,"column":55}},"30":{"start":{"line":57,"column":4},"end":{"line":70,"column":7}},"31":{"start":{"line":72,"column":4},"end":{"line":72,"column":48}},"32":{"start":{"line":76,"column":24},"end":{"line":100,"column":1}},"33":{"start":{"line":77,"column":2},"end":{"line":99,"column":3}},"34":{"start":{"line":78,"column":15},"end":{"line":78,"column":28}},"35":{"start":{"line":79,"column":20},"end":{"line":83,"column":6}},"36":{"start":{"line":85,"column":4},"end":{"line":87,"column":5}},"37":{"start":{"line":86,"column":6},"end":{"line":86,"column":77}},"38":{"start":{"line":89,"column":4},"end":{"line":96,"column":7}},"39":{"start":{"line":98,"column":4},"end":{"line":98,"column":48}},"40":{"start":{"line":102,"column":22},"end":{"line":170,"column":1}},"41":{"start":{"line":103,"column":2},"end":{"line":169,"column":3}},"42":{"start":{"line":105,"column":6},"end":{"line":105,"column":14}},"43":{"start":{"line":107,"column":15},"end":{"line":107,"column":28}},"44":{"start":{"line":109,"column":20},"end":{"line":113,"column":6}},"45":{"start":{"line":114,"column":4},"end":{"line":116,"column":5}},"46":{"start":{"line":115,"column":6},"end":{"line":115,"column":77}},"47":{"start":{"line":118,"column":17},"end":{"line":118,"column":31}},"48":{"start":{"line":120,"column":4},"end":{"line":151,"column":5}},"49":{"start":{"line":121,"column":18},"end":{"line":121,"column":41}},"50":{"start":{"line":123,"column":6},"end":{"line":136,"column":8}},"51":{"start":{"line":138,"column":6},"end":{"line":150,"column":8}},"52":{"start":{"line":153,"column":27},"end":{"line":157,"column":6}},"53":{"start":{"line":159,"column":4},"end":{"line":166,"column":7}},"54":{"start":{"line":168,"column":4},"end":{"line":168,"column":48}},"55":{"start":{"line":172,"column":22},"end":{"line":198,"column":1}},"56":{"start":{"line":173,"column":2},"end":{"line":197,"column":3}},"57":{"start":{"line":174,"column":15},"end":{"line":174,"column":28}},"58":{"start":{"line":175,"column":20},"end":{"line":179,"column":6}},"59":{"start":{"line":181,"column":4},"end":{"line":183,"column":5}},"60":{"start":{"line":182,"column":6},"end":{"line":182,"column":70}},"61":{"start":{"line":184,"column":4},"end":{"line":188,"column":7}},"62":{"start":{"line":190,"column":4},"end":{"line":194,"column":7}},"63":{"start":{"line":196,"column":4},"end":{"line":196,"column":48}},"64":{"start":{"line":200,"column":22},"end":{"line":235,"column":1}},"65":{"start":{"line":202,"column":4},"end":{"line":202,"column":12}},"66":{"start":{"line":204,"column":2},"end":{"line":234,"column":3}},"67":{"start":{"line":205,"column":17},"end":{"line":205,"column":25}},"68":{"start":{"line":207,"column":4},"end":{"line":209,"column":5}},"69":{"start":{"line":208,"column":6},"end":{"line":208,"column":57}},"70":{"start":{"line":212,"column":4},"end":{"line":214,"column":5}},"71":{"start":{"line":213,"column":6},"end":{"line":213,"column":38}},"72":{"start":{"line":216,"column":23},"end":{"line":222,"column":6}},"73":{"start":{"line":224,"column":4},"end":{"line":231,"column":7}},"74":{"start":{"line":233,"column":4},"end":{"line":233,"column":48}},"75":{"start":{"line":237,"column":0},"end":{"line":243,"column":2}}},"fnMap":{"0":{"name":"(anonymous_0)","decl":{"start":{"line":5,"column":20},"end":{"line":5,"column":21}},"loc":{"start":{"line":5,"column":36},"end":{"line":23,"column":1}},"line":5},"1":{"name":"(anonymous_1)","decl":{"start":{"line":25,"column":20},"end":{"line":25,"column":21}},"loc":{"start":{"line":25,"column":46},"end":{"line":74,"column":1}},"line":25},"2":{"name":"(anonymous_2)","decl":{"start":{"line":76,"column":24},"end":{"line":76,"column":25}},"loc":{"start":{"line":76,"column":50},"end":{"line":100,"column":1}},"line":76},"3":{"name":"(anonymous_3)","decl":{"start":{"line":102,"column":22},"end":{"line":102,"column":23}},"loc":{"start":{"line":102,"column":48},"end":{"line":170,"column":1}},"line":102},"4":{"name":"(anonymous_4)","decl":{"start":{"line":172,"column":22},"end":{"line":172,"column":23}},"loc":{"start":{"line":172,"column":48},"end":{"line":198,"column":1}},"line":172},"5":{"name":"(anonymous_5)","decl":{"start":{"line":200,"column":22},"end":{"line":200,"column":23}},"loc":{"start":{"line":200,"column":48},"end":{"line":235,"column":1}},"line":200}},"branchMap":{"0":{"loc":{"start":{"line":16,"column":4},"end":{"line":18,"column":5}},"type":"if","locations":[{"start":{"line":16,"column":4},"end":{"line":18,"column":5}},{"start":{},"end":{}}],"line":16},"1":{"loc":{"start":{"line":33,"column":4},"end":{"line":33,"column":74}},"type":"if","locations":[{"start":{"line":33,"column":4},"end":{"line":33,"column":74}},{"start":{},"end":{}}],"line":33},"2":{"loc":{"start":{"line":36,"column":4},"end":{"line":36,"column":51}},"type":"if","locations":[{"start":{"line":36,"column":4},"end":{"line":36,"column":51}},{"start":{},"end":{}}],"line":36},"3":{"loc":{"start":{"line":39,"column":4},"end":{"line":39,"column":79}},"type":"if","locations":[{"start":{"line":39,"column":4},"end":{"line":39,"column":79}},{"start":{},"end":{}}],"line":39},"4":{"loc":{"start":{"line":42,"column":4},"end":{"line":42,"column":59}},"type":"if","locations":[{"start":{"line":42,"column":4},"end":{"line":42,"column":59}},{"start":{},"end":{}}],"line":42},"5":{"loc":{"start":{"line":44,"column":20},"end":{"line":44,"column":39}},"type":"binary-expr","locations":[{"start":{"line":44,"column":20},"end":{"line":44,"column":34}},{"start":{"line":44,"column":38},"end":{"line":44,"column":39}}],"line":44},"6":{"loc":{"start":{"line":45,"column":21},"end":{"line":45,"column":42}},"type":"binary-expr","locations":[{"start":{"line":45,"column":21},"end":{"line":45,"column":36}},{"start":{"line":45,"column":40},"end":{"line":45,"column":42}}],"line":45},"7":{"loc":{"start":{"line":85,"column":4},"end":{"line":87,"column":5}},"type":"if","locations":[{"start":{"line":85,"column":4},"end":{"line":87,"column":5}},{"start":{},"end":{}}],"line":85},"8":{"loc":{"start":{"line":114,"column":4},"end":{"line":116,"column":5}},"type":"if","locations":[{"start":{"line":114,"column":4},"end":{"line":116,"column":5}},{"start":{},"end":{}}],"line":114},"9":{"loc":{"start":{"line":118,"column":17},"end":{"line":118,"column":31}},"type":"binary-expr","locations":[{"start":{"line":118,"column":17},"end":{"line":118,"column":25}},{"start":{"line":118,"column":29},"end":{"line":118,"column":31}}],"line":118},"10":{"loc":{"start":{"line":120,"column":4},"end":{"line":151,"column":5}},"type":"if","locations":[{"start":{"line":120,"column":4},"end":{"line":151,"column":5}},{"start":{"line":137,"column":11},"end":{"line":151,"column":5}}],"line":120},"11":{"loc":{"start":{"line":181,"column":4},"end":{"line":183,"column":5}},"type":"if","locations":[{"start":{"line":181,"column":4},"end":{"line":183,"column":5}},{"start":{},"end":{}}],"line":181},"12":{"loc":{"start":{"line":207,"column":4},"end":{"line":209,"column":5}},"type":"if","locations":[{"start":{"line":207,"column":4},"end":{"line":209,"column":5}},{"start":{},"end":{}}],"line":207},"13":{"loc":{"start":{"line":212,"column":4},"end":{"line":214,"column":5}},"type":"if","locations":[{"start":{"line":212,"column":4},"end":{"line":214,"column":5}},{"start":{},"end":{}}],"line":212}},"s":{"0":1,"1":1,"2":1,"3":1,"4":0,"5":0,"6":0,"7":0,"8":0,"9":0,"10":0,"11":0,"12":1,"13":0,"14":0,"15":0,"16":0,"17":0,"18":0,"19":0,"20":0,"21":0,"22":0,"23":0,"24":0,"25":0,"26":0,"27":0,"28":0,"29":0,"30":0,"31":0,"32":1,"33":0,"34":0,"35":0,"36":0,"37":0,"38":0,"39":0,"40":1,"41":0,"42":0,"43":0,"44":0,"45":0,"46":0,"47":0,"48":0,"49":0,"50":0,"51":0,"52":0,"53":0,"54":0,"55":1,"56":0,"57":0,"58":0,"59":0,"60":0,"61":0,"62":0,"63":0,"64":1,"65":0,"66":0,"67":0,"68":0,"69":0,"70":0,"71":0,"72":0,"73":0,"74":0,"75":1},"f":{"0":0,"1":0,"2":0,"3":0,"4":0,"5":0},"b":{"0":[0,0],"1":[0,0],"2":[0,0],"3":[0,0],"4":[0,0],"5":[0,0],"6":[0,0],"7":[0,0],"8":[0,0],"9":[0,0],"10":[0,0],"11":[0,0],"12":[0,0],"13":[0,0]},"_coverageSchema":"1a1c01bbd47fc00a2c39e90264f33305004495a9","hash":"3b8eae149bd94810fad794fa6183f87040d5930d"}
,"C:\\Users\\ACER\\Documents\\BinarMsib\\final-project-be-c2\\controllers\\authController.js": {"path":"C:\\Users\\ACER\\Documents\\BinarMsib\\final-project-be-c2\\controllers\\authController.js","statementMap":{"0":{"start":{"line":1,"column":17},"end":{"line":1,"column":45}},"1":{"start":{"line":2,"column":15},"end":{"line":2,"column":32}},"2":{"start":{"line":3,"column":18},"end":{"line":3,"column":38}},"3":{"start":{"line":4,"column":20},"end":{"line":4,"column":51}},"4":{"start":{"line":5,"column":18},"end":{"line":5,"column":47}},"5":{"start":{"line":6,"column":14},"end":{"line":6,"column":30}},"6":{"start":{"line":7,"column":24},"end":{"line":7,"column":63}},"7":{"start":{"line":8,"column":29},"end":{"line":8,"column":61}},"8":{"start":{"line":9,"column":0},"end":{"line":9,"column":30}},"9":{"start":{"line":11,"column":17},"end":{"line":167,"column":1}},"10":{"start":{"line":12,"column":2},"end":{"line":166,"column":3}},"11":{"start":{"line":14,"column":6},"end":{"line":14,"column":14}},"12":{"start":{"line":17,"column":26},"end":{"line":17,"column":28}},"13":{"start":{"line":19,"column":4},"end":{"line":21,"column":5}},"14":{"start":{"line":20,"column":6},"end":{"line":20,"column":38}},"15":{"start":{"line":22,"column":4},"end":{"line":24,"column":5}},"16":{"start":{"line":23,"column":6},"end":{"line":23,"column":34}},"17":{"start":{"line":25,"column":4},"end":{"line":27,"column":5}},"18":{"start":{"line":26,"column":6},"end":{"line":26,"column":41}},"19":{"start":{"line":28,"column":4},"end":{"line":30,"column":5}},"20":{"start":{"line":29,"column":6},"end":{"line":29,"column":37}},"21":{"start":{"line":31,"column":4},"end":{"line":37,"column":5}},"22":{"start":{"line":36,"column":6},"end":{"line":36,"column":45}},"23":{"start":{"line":39,"column":4},"end":{"line":43,"column":5}},"24":{"start":{"line":40,"column":6},"end":{"line":42,"column":8}},"25":{"start":{"line":46,"column":4},"end":{"line":48,"column":5}},"26":{"start":{"line":47,"column":6},"end":{"line":47,"column":69}},"27":{"start":{"line":51,"column":4},"end":{"line":55,"column":5}},"28":{"start":{"line":52,"column":6},"end":{"line":54,"column":8}},"29":{"start":{"line":58,"column":4},"end":{"line":62,"column":5}},"30":{"start":{"line":59,"column":6},"end":{"line":61,"column":8}},"31":{"start":{"line":65,"column":31},"end":{"line":69,"column":6}},"32":{"start":{"line":71,"column":4},"end":{"line":73,"column":5}},"33":{"start":{"line":72,"column":6},"end":{"line":72,"column":75}},"34":{"start":{"line":76,"column":24},"end":{"line":80,"column":6}},"35":{"start":{"line":82,"column":4},"end":{"line":84,"column":5}},"36":{"start":{"line":83,"column":6},"end":{"line":83,"column":68}},"37":{"start":{"line":87,"column":23},"end":{"line":87,"column":25}},"38":{"start":{"line":88,"column":27},"end":{"line":88,"column":64}},"39":{"start":{"line":90,"column":18},"end":{"line":90,"column":61}},"40":{"start":{"line":92,"column":20},"end":{"line":92,"column":27}},"41":{"start":{"line":93,"column":22},"end":{"line":93,"column":55}},"42":{"start":{"line":94,"column":23},"end":{"line":94,"column":54}},"43":{"start":{"line":96,"column":23},"end":{"line":105,"column":6}},"44":{"start":{"line":107,"column":4},"end":{"line":111,"column":5}},"45":{"start":{"line":108,"column":6},"end":{"line":110,"column":8}},"46":{"start":{"line":113,"column":27},"end":{"line":113,"column":52}},"47":{"start":{"line":114,"column":20},"end":{"line":114,"column":52}},"48":{"start":{"line":115,"column":22},"end":{"line":127,"column":5}},"49":{"start":{"line":128,"column":23},"end":{"line":143,"column":7}},"50":{"start":{"line":145,"column":25},"end":{"line":145,"column":79}},"51":{"start":{"line":147,"column":4},"end":{"line":151,"column":5}},"52":{"start":{"line":148,"column":6},"end":{"line":150,"column":8}},"53":{"start":{"line":153,"column":4},"end":{"line":163,"column":7}},"54":{"start":{"line":165,"column":4},"end":{"line":165,"column":48}},"55":{"start":{"line":169,"column":14},"end":{"line":231,"column":1}},"56":{"start":{"line":170,"column":2},"end":{"line":230,"column":3}},"57":{"start":{"line":171,"column":46},"end":{"line":171,"column":54}},"58":{"start":{"line":174,"column":4},"end":{"line":176,"column":5}},"59":{"start":{"line":175,"column":6},"end":{"line":175,"column":74}},"60":{"start":{"line":179,"column":4},"end":{"line":186,"column":5}},"61":{"start":{"line":180,"column":6},"end":{"line":185,"column":8}},"62":{"start":{"line":188,"column":4},"end":{"line":190,"column":5}},"63":{"start":{"line":189,"column":6},"end":{"line":189,"column":68}},"64":{"start":{"line":192,"column":26},"end":{"line":192,"column":28}},"65":{"start":{"line":194,"column":4},"end":{"line":198,"column":5}},"66":{"start":{"line":195,"column":6},"end":{"line":195,"column":36}},"67":{"start":{"line":196,"column":11},"end":{"line":198,"column":5}},"68":{"start":{"line":197,"column":6},"end":{"line":197,"column":50}},"69":{"start":{"line":200,"column":17},"end":{"line":202,"column":6}},"70":{"start":{"line":204,"column":4},"end":{"line":227,"column":5}},"71":{"start":{"line":205,"column":6},"end":{"line":209,"column":7}},"72":{"start":{"line":206,"column":8},"end":{"line":208,"column":10}},"73":{"start":{"line":211,"column":22},"end":{"line":216,"column":7}},"74":{"start":{"line":218,"column":20},"end":{"line":218,"column":40}},"75":{"start":{"line":220,"column":6},"end":{"line":224,"column":9}},"76":{"start":{"line":226,"column":6},"end":{"line":226,"column":60}},"77":{"start":{"line":229,"column":4},"end":{"line":229,"column":48}},"78":{"start":{"line":233,"column":18},"end":{"line":246,"column":1}},"79":{"start":{"line":234,"column":2},"end":{"line":245,"column":3}},"80":{"start":{"line":235,"column":4},"end":{"line":242,"column":7}},"81":{"start":{"line":244,"column":4},"end":{"line":244,"column":48}},"82":{"start":{"line":248,"column":0},"end":{"line":252,"column":2}}},"fnMap":{"0":{"name":"(anonymous_0)","decl":{"start":{"line":11,"column":17},"end":{"line":11,"column":18}},"loc":{"start":{"line":11,"column":43},"end":{"line":167,"column":1}},"line":11},"1":{"name":"(anonymous_1)","decl":{"start":{"line":169,"column":14},"end":{"line":169,"column":15}},"loc":{"start":{"line":169,"column":40},"end":{"line":231,"column":1}},"line":169},"2":{"name":"(anonymous_2)","decl":{"start":{"line":233,"column":18},"end":{"line":233,"column":19}},"loc":{"start":{"line":233,"column":44},"end":{"line":246,"column":1}},"line":233}},"branchMap":{"0":{"loc":{"start":{"line":19,"column":4},"end":{"line":21,"column":5}},"type":"if","locations":[{"start":{"line":19,"column":4},"end":{"line":21,"column":5}},{"start":{},"end":{}}],"line":19},"1":{"loc":{"start":{"line":19,"column":8},"end":{"line":19,"column":60}},"type":"binary-expr","locations":[{"start":{"line":19,"column":8},"end":{"line":19,"column":18}},{"start":{"line":19,"column":22},"end":{"line":19,"column":40}},{"start":{"line":19,"column":44},"end":{"line":19,"column":60}}],"line":19},"2":{"loc":{"start":{"line":22,"column":4},"end":{"line":24,"column":5}},"type":"if","locations":[{"start":{"line":22,"column":4},"end":{"line":24,"column":5}},{"start":{},"end":{}}],"line":22},"3":{"loc":{"start":{"line":22,"column":8},"end":{"line":22,"column":48}},"type":"binary-expr","locations":[{"start":{"line":22,"column":8},"end":{"line":22,"column":14}},{"start":{"line":22,"column":18},"end":{"line":22,"column":32}},{"start":{"line":22,"column":36},"end":{"line":22,"column":48}}],"line":22},"4":{"loc":{"start":{"line":25,"column":4},"end":{"line":27,"column":5}},"type":"if","locations":[{"start":{"line":25,"column":4},"end":{"line":27,"column":5}},{"start":{},"end":{}}],"line":25},"5":{"loc":{"start":{"line":25,"column":8},"end":{"line":25,"column":69}},"type":"binary-expr","locations":[{"start":{"line":25,"column":8},"end":{"line":25,"column":21}},{"start":{"line":25,"column":25},"end":{"line":25,"column":46}},{"start":{"line":25,"column":50},"end":{"line":25,"column":69}}],"line":25},"6":{"loc":{"start":{"line":28,"column":4},"end":{"line":30,"column":5}},"type":"if","locations":[{"start":{"line":28,"column":4},"end":{"line":30,"column":5}},{"start":{},"end":{}}],"line":28},"7":{"loc":{"start":{"line":28,"column":8},"end":{"line":28,"column":57}},"type":"binary-expr","locations":[{"start":{"line":28,"column":8},"end":{"line":28,"column":17}},{"start":{"line":28,"column":21},"end":{"line":28,"column":38}},{"start":{"line":28,"column":42},"end":{"line":28,"column":57}}],"line":28},"8":{"loc":{"start":{"line":31,"column":4},"end":{"line":37,"column":5}},"type":"if","locations":[{"start":{"line":31,"column":4},"end":{"line":37,"column":5}},{"start":{},"end":{}}],"line":31},"9":{"loc":{"start":{"line":32,"column":6},"end":{"line":34,"column":29}},"type":"binary-expr","locations":[{"start":{"line":32,"column":6},"end":{"line":32,"column":23}},{"start":{"line":33,"column":6},"end":{"line":33,"column":31}},{"start":{"line":34,"column":6},"end":{"line":34,"column":29}}],"line":32},"10":{"loc":{"start":{"line":39,"column":4},"end":{"line":43,"column":5}},"type":"if","locations":[{"start":{"line":39,"column":4},"end":{"line":43,"column":5}},{"start":{},"end":{}}],"line":39},"11":{"loc":{"start":{"line":46,"column":4},"end":{"line":48,"column":5}},"type":"if","locations":[{"start":{"line":46,"column":4},"end":{"line":48,"column":5}},{"start":{},"end":{}}],"line":46},"12":{"loc":{"start":{"line":51,"column":4},"end":{"line":55,"column":5}},"type":"if","locations":[{"start":{"line":51,"column":4},"end":{"line":55,"column":5}},{"start":{},"end":{}}],"line":51},"13":{"loc":{"start":{"line":58,"column":4},"end":{"line":62,"column":5}},"type":"if","locations":[{"start":{"line":58,"column":4},"end":{"line":62,"column":5}},{"start":{},"end":{}}],"line":58},"14":{"loc":{"start":{"line":71,"column":4},"end":{"line":73,"column":5}},"type":"if","locations":[{"start":{"line":71,"column":4},"end":{"line":73,"column":5}},{"start":{},"end":{}}],"line":71},"15":{"loc":{"start":{"line":82,"column":4},"end":{"line":84,"column":5}},"type":"if","locations":[{"start":{"line":82,"column":4},"end":{"line":84,"column":5}},{"start":{},"end":{}}],"line":82},"16":{"loc":{"start":{"line":107,"column":4},"end":{"line":111,"column":5}},"type":"if","locations":[{"start":{"line":107,"column":4},"end":{"line":111,"column":5}},{"start":{},"end":{}}],"line":107},"17":{"loc":{"start":{"line":147,"column":4},"end":{"line":151,"column":5}},"type":"if","locations":[{"start":{"line":147,"column":4},"end":{"line":151,"column":5}},{"start":{},"end":{}}],"line":147},"18":{"loc":{"start":{"line":174,"column":4},"end":{"line":176,"column":5}},"type":"if","locations":[{"start":{"line":174,"column":4},"end":{"line":176,"column":5}},{"start":{},"end":{}}],"line":174},"19":{"loc":{"start":{"line":174,"column":8},"end":{"line":174,"column":31}},"type":"binary-expr","locations":[{"start":{"line":174,"column":8},"end":{"line":174,"column":14}},{"start":{"line":174,"column":18},"end":{"line":174,"column":31}}],"line":174},"20":{"loc":{"start":{"line":179,"column":4},"end":{"line":186,"column":5}},"type":"if","locations":[{"start":{"line":179,"column":4},"end":{"line":186,"column":5}},{"start":{},"end":{}}],"line":179},"21":{"loc":{"start":{"line":179,"column":8},"end":{"line":179,"column":29}},"type":"binary-expr","locations":[{"start":{"line":179,"column":8},"end":{"line":179,"column":13}},{"start":{"line":179,"column":17},"end":{"line":179,"column":29}}],"line":179},"22":{"loc":{"start":{"line":188,"column":4},"end":{"line":190,"column":5}},"type":"if","locations":[{"start":{"line":188,"column":4},"end":{"line":190,"column":5}},{"start":{},"end":{}}],"line":188},"23":{"loc":{"start":{"line":188,"column":8},"end":{"line":188,"column":57}},"type":"binary-expr","locations":[{"start":{"line":188,"column":8},"end":{"line":188,"column":17}},{"start":{"line":188,"column":21},"end":{"line":188,"column":38}},{"start":{"line":188,"column":42},"end":{"line":188,"column":57}}],"line":188},"24":{"loc":{"start":{"line":194,"column":4},"end":{"line":198,"column":5}},"type":"if","locations":[{"start":{"line":194,"column":4},"end":{"line":198,"column":5}},{"start":{"line":196,"column":11},"end":{"line":198,"column":5}}],"line":194},"25":{"loc":{"start":{"line":196,"column":11},"end":{"line":198,"column":5}},"type":"if","locations":[{"start":{"line":196,"column":11},"end":{"line":198,"column":5}},{"start":{},"end":{}}],"line":196},"26":{"loc":{"start":{"line":204,"column":4},"end":{"line":227,"column":5}},"type":"if","locations":[{"start":{"line":204,"column":4},"end":{"line":227,"column":5}},{"start":{"line":225,"column":11},"end":{"line":227,"column":5}}],"line":204},"27":{"loc":{"start":{"line":204,"column":8},"end":{"line":204,"column":59}},"type":"binary-expr","locations":[{"start":{"line":204,"column":8},"end":{"line":204,"column":12}},{"start":{"line":204,"column":16},"end":{"line":204,"column":59}}],"line":204},"28":{"loc":{"start":{"line":205,"column":6},"end":{"line":209,"column":7}},"type":"if","locations":[{"start":{"line":205,"column":6},"end":{"line":209,"column":7}},{"start":{},"end":{}}],"line":205}},"s":{"0":1,"1":1,"2":1,"3":1,"4":1,"5":1,"6":1,"7":1,"8":1,"9":1,"10":6,"11":6,"12":6,"13":6,"14":1,"15":6,"16":1,"17":6,"18":1,"19":6,"20":0,"21":6,"22":0,"23":6,"24":3,"25":3,"26":0,"27":3,"28":1,"29":2,"30":1,"31":1,"32":1,"33":0,"34":1,"35":1,"36":0,"37":1,"38":1,"39":1,"40":1,"41":1,"42":1,"43":1,"44":1,"45":0,"46":1,"47":1,"48":1,"49":1,"50":1,"51":1,"52":0,"53":1,"54":0,"55":1,"56":0,"57":0,"58":0,"59":0,"60":0,"61":0,"62":0,"63":0,"64":0,"65":0,"66":0,"67":0,"68":0,"69":0,"70":0,"71":0,"72":0,"73":0,"74":0,"75":0,"76":0,"77":0,"78":1,"79":0,"80":0,"81":0,"82":1},"f":{"0":6,"1":0,"2":0},"b":{"0":[1,5],"1":[6,5,5],"2":[1,5],"3":[6,5,5],"4":[1,5],"5":[6,5,5],"6":[0,6],"7":[6,6,6],"8":[0,6],"9":[6,6,6],"10":[3,3],"11":[0,3],"12":[1,2],"13":[1,1],"14":[0,1],"15":[0,1],"16":[0,1],"17":[0,1],"18":[0,0],"19":[0,0],"20":[0,0],"21":[0,0],"22":[0,0],"23":[0,0,0],"24":[0,0],"25":[0,0],"26":[0,0],"27":[0,0],"28":[0,0]},"_coverageSchema":"1a1c01bbd47fc00a2c39e90264f33305004495a9","hash":"68faca76ac6f26b50389c4d0f1ea53ac706dc823"}
,"C:\\Users\\ACER\\Documents\\BinarMsib\\final-project-be-c2\\controllers\\bookingController.js": {"path":"C:\\Users\\ACER\\Documents\\BinarMsib\\final-project-be-c2\\controllers\\bookingController.js","statementMap":{"0":{"start":{"line":1,"column":17},"end":{"line":1,"column":45}},"1":{"start":{"line":2,"column":23},"end":{"line":2,"column":57}},"2":{"start":{"line":11,"column":4},"end":{"line":11,"column":24}},"3":{"start":{"line":12,"column":14},"end":{"line":12,"column":30}},"4":{"start":{"line":13,"column":15},"end":{"line":13,"column":35}},"5":{"start":{"line":15,"column":25},"end":{"line":214,"column":1}},"6":{"start":{"line":16,"column":2},"end":{"line":213,"column":3}},"7":{"start":{"line":17,"column":15},"end":{"line":17,"column":26}},"8":{"start":{"line":19,"column":4},"end":{"line":21,"column":5}},"9":{"start":{"line":20,"column":6},"end":{"line":20,"column":69}},"10":{"start":{"line":23,"column":68},"end":{"line":23,"column":77}},"11":{"start":{"line":25,"column":22},"end":{"line":25,"column":24}},"12":{"start":{"line":26,"column":4},"end":{"line":26,"column":27}},"13":{"start":{"line":27,"column":4},"end":{"line":27,"column":80}},"14":{"start":{"line":27,"column":21},"end":{"line":27,"column":80}},"15":{"start":{"line":28,"column":4},"end":{"line":34,"column":5}},"16":{"start":{"line":29,"column":6},"end":{"line":33,"column":7}},"17":{"start":{"line":30,"column":8},"end":{"line":30,"column":56}},"18":{"start":{"line":31,"column":13},"end":{"line":33,"column":7}},"19":{"start":{"line":32,"column":8},"end":{"line":32,"column":55}},"20":{"start":{"line":36,"column":22},"end":{"line":36,"column":24}},"21":{"start":{"line":37,"column":4},"end":{"line":44,"column":5}},"22":{"start":{"line":38,"column":24},"end":{"line":38,"column":56}},"23":{"start":{"line":39,"column":6},"end":{"line":43,"column":7}},"24":{"start":{"line":40,"column":8},"end":{"line":40,"column":50}},"25":{"start":{"line":41,"column":13},"end":{"line":43,"column":7}},"26":{"start":{"line":42,"column":8},"end":{"line":42,"column":52}},"27":{"start":{"line":46,"column":20},"end":{"line":46,"column":39}},"28":{"start":{"line":47,"column":21},"end":{"line":47,"column":42}},"29":{"start":{"line":48,"column":19},"end":{"line":48,"column":43}},"30":{"start":{"line":50,"column":23},"end":{"line":50,"column":65}},"31":{"start":{"line":52,"column":20},"end":{"line":163,"column":6}},"32":{"start":{"line":165,"column":4},"end":{"line":167,"column":5}},"33":{"start":{"line":166,"column":6},"end":{"line":166,"column":58}},"34":{"start":{"line":169,"column":4},"end":{"line":175,"column":7}},"35":{"start":{"line":170,"column":21},"end":{"line":170,"column":52}},"36":{"start":{"line":171,"column":18},"end":{"line":171,"column":41}},"37":{"start":{"line":172,"column":20},"end":{"line":172,"column":31}},"38":{"start":{"line":173,"column":30},"end":{"line":173,"column":49}},"39":{"start":{"line":174,"column":6},"end":{"line":174,"column":56}},"40":{"start":{"line":177,"column":4},"end":{"line":195,"column":7}},"41":{"start":{"line":178,"column":21},"end":{"line":178,"column":39}},"42":{"start":{"line":179,"column":6},"end":{"line":189,"column":7}},"43":{"start":{"line":180,"column":30},"end":{"line":180,"column":61}},"44":{"start":{"line":181,"column":28},"end":{"line":181,"column":57}},"45":{"start":{"line":182,"column":25},"end":{"line":182,"column":62}},"46":{"start":{"line":183,"column":20},"end":{"line":183,"column":45}},"47":{"start":{"line":184,"column":22},"end":{"line":184,"column":35}},"48":{"start":{"line":185,"column":32},"end":{"line":185,"column":51}},"49":{"start":{"line":186,"column":8},"end":{"line":186,"column":58}},"50":{"start":{"line":188,"column":8},"end":{"line":188,"column":48}},"51":{"start":{"line":191,"column":28},"end":{"line":193,"column":7}},"52":{"start":{"line":192,"column":50},"end":{"line":192,"column":67}},"53":{"start":{"line":194,"column":6},"end":{"line":194,"column":76}},"54":{"start":{"line":196,"column":23},"end":{"line":196,"column":55}},"55":{"start":{"line":197,"column":4},"end":{"line":210,"column":7}},"56":{"start":{"line":212,"column":4},"end":{"line":212,"column":48}},"57":{"start":{"line":216,"column":22},"end":{"line":243,"column":1}},"58":{"start":{"line":217,"column":2},"end":{"line":242,"column":3}},"59":{"start":{"line":218,"column":19},"end":{"line":218,"column":30}},"60":{"start":{"line":220,"column":4},"end":{"line":222,"column":5}},"61":{"start":{"line":221,"column":6},"end":{"line":221,"column":69}},"62":{"start":{"line":224,"column":20},"end":{"line":224,"column":58}},"63":{"start":{"line":226,"column":24},"end":{"line":226,"column":52}},"64":{"start":{"line":228,"column":4},"end":{"line":233,"column":7}},"65":{"start":{"line":235,"column":4},"end":{"line":239,"column":7}},"66":{"start":{"line":241,"column":4},"end":{"line":241,"column":48}},"67":{"start":{"line":245,"column":28},"end":{"line":406,"column":1}},"68":{"start":{"line":246,"column":2},"end":{"line":405,"column":3}},"69":{"start":{"line":247,"column":45},"end":{"line":247,"column":53}},"70":{"start":{"line":249,"column":4},"end":{"line":249,"column":36}},"71":{"start":{"line":251,"column":4},"end":{"line":401,"column":5}},"72":{"start":{"line":252,"column":6},"end":{"line":400,"column":7}},"73":{"start":{"line":257,"column":24},"end":{"line":266,"column":9}},"74":{"start":{"line":268,"column":8},"end":{"line":270,"column":9}},"75":{"start":{"line":269,"column":10},"end":{"line":269,"column":62}},"76":{"start":{"line":272,"column":29},"end":{"line":276,"column":10}},"77":{"start":{"line":278,"column":31},"end":{"line":282,"column":10}},"78":{"start":{"line":284,"column":24},"end":{"line":284,"column":76}},"79":{"start":{"line":284,"column":61},"end":{"line":284,"column":75}},"80":{"start":{"line":287,"column":8},"end":{"line":294,"column":10}},"81":{"start":{"line":296,"column":8},"end":{"line":301,"column":11}},"82":{"start":{"line":303,"column":8},"end":{"line":307,"column":11}},"83":{"start":{"line":308,"column":13},"end":{"line":400,"column":7}},"84":{"start":{"line":316,"column":24},"end":{"line":325,"column":9}},"85":{"start":{"line":327,"column":8},"end":{"line":329,"column":9}},"86":{"start":{"line":328,"column":10},"end":{"line":328,"column":62}},"87":{"start":{"line":331,"column":29},"end":{"line":335,"column":10}},"88":{"start":{"line":337,"column":31},"end":{"line":341,"column":10}},"89":{"start":{"line":343,"column":24},"end":{"line":343,"column":76}},"90":{"start":{"line":343,"column":61},"end":{"line":343,"column":75}},"91":{"start":{"line":346,"column":8},"end":{"line":353,"column":10}},"92":{"start":{"line":355,"column":8},"end":{"line":383,"column":9}},"93":{"start":{"line":356,"column":10},"end":{"line":361,"column":13}},"94":{"start":{"line":362,"column":15},"end":{"line":383,"column":9}},"95":{"start":{"line":363,"column":10},"end":{"line":368,"column":13}},"96":{"start":{"line":369,"column":15},"end":{"line":383,"column":9}},"97":{"start":{"line":370,"column":10},"end":{"line":375,"column":13}},"98":{"start":{"line":376,"column":15},"end":{"line":383,"column":9}},"99":{"start":{"line":377,"column":10},"end":{"line":382,"column":13}},"100":{"start":{"line":385,"column":8},"end":{"line":389,"column":11}},"101":{"start":{"line":390,"column":13},"end":{"line":400,"column":7}},"102":{"start":{"line":393,"column":8},"end":{"line":396,"column":11}},"103":{"start":{"line":399,"column":8},"end":{"line":399,"column":37}},"104":{"start":{"line":403,"column":4},"end":{"line":403,"column":29}},"105":{"start":{"line":404,"column":4},"end":{"line":404,"column":48}},"106":{"start":{"line":408,"column":25},"end":{"line":448,"column":1}},"107":{"start":{"line":409,"column":2},"end":{"line":447,"column":3}},"108":{"start":{"line":410,"column":28},"end":{"line":410,"column":38}},"109":{"start":{"line":412,"column":20},"end":{"line":416,"column":6}},"110":{"start":{"line":418,"column":4},"end":{"line":420,"column":5}},"111":{"start":{"line":419,"column":6},"end":{"line":419,"column":63}},"112":{"start":{"line":422,"column":29},"end":{"line":424,"column":24}},"113":{"start":{"line":426,"column":20},"end":{"line":433,"column":5}},"114":{"start":{"line":435,"column":21},"end":{"line":435,"column":49}},"115":{"start":{"line":437,"column":4},"end":{"line":444,"column":7}},"116":{"start":{"line":446,"column":4},"end":{"line":446,"column":48}},"117":{"start":{"line":450,"column":0},"end":{"line":455,"column":2}}},"fnMap":{"0":{"name":"(anonymous_0)","decl":{"start":{"line":15,"column":25},"end":{"line":15,"column":26}},"loc":{"start":{"line":15,"column":51},"end":{"line":214,"column":1}},"line":15},"1":{"name":"(anonymous_1)","decl":{"start":{"line":169,"column":20},"end":{"line":169,"column":21}},"loc":{"start":{"line":169,"column":37},"end":{"line":175,"column":5}},"line":169},"2":{"name":"(anonymous_2)","decl":{"start":{"line":177,"column":20},"end":{"line":177,"column":21}},"loc":{"start":{"line":177,"column":37},"end":{"line":195,"column":5}},"line":177},"3":{"name":"(anonymous_3)","decl":{"start":{"line":192,"column":38},"end":{"line":192,"column":39}},"loc":{"start":{"line":192,"column":50},"end":{"line":192,"column":67}},"line":192},"4":{"name":"(anonymous_4)","decl":{"start":{"line":216,"column":22},"end":{"line":216,"column":23}},"loc":{"start":{"line":216,"column":48},"end":{"line":243,"column":1}},"line":216},"5":{"name":"(anonymous_5)","decl":{"start":{"line":245,"column":28},"end":{"line":245,"column":29}},"loc":{"start":{"line":245,"column":54},"end":{"line":406,"column":1}},"line":245},"6":{"name":"(anonymous_6)","decl":{"start":{"line":284,"column":49},"end":{"line":284,"column":50}},"loc":{"start":{"line":284,"column":61},"end":{"line":284,"column":75}},"line":284},"7":{"name":"(anonymous_7)","decl":{"start":{"line":343,"column":49},"end":{"line":343,"column":50}},"loc":{"start":{"line":343,"column":61},"end":{"line":343,"column":75}},"line":343},"8":{"name":"(anonymous_8)","decl":{"start":{"line":408,"column":25},"end":{"line":408,"column":26}},"loc":{"start":{"line":408,"column":51},"end":{"line":448,"column":1}},"line":408}},"branchMap":{"0":{"loc":{"start":{"line":19,"column":4},"end":{"line":21,"column":5}},"type":"if","locations":[{"start":{"line":19,"column":4},"end":{"line":21,"column":5}},{"start":{},"end":{}}],"line":19},"1":{"loc":{"start":{"line":27,"column":4},"end":{"line":27,"column":80}},"type":"if","locations":[{"start":{"line":27,"column":4},"end":{"line":27,"column":80}},{"start":{},"end":{}}],"line":27},"2":{"loc":{"start":{"line":28,"column":4},"end":{"line":34,"column":5}},"type":"if","locations":[{"start":{"line":28,"column":4},"end":{"line":34,"column":5}},{"start":{},"end":{}}],"line":28},"3":{"loc":{"start":{"line":29,"column":6},"end":{"line":33,"column":7}},"type":"if","locations":[{"start":{"line":29,"column":6},"end":{"line":33,"column":7}},{"start":{"line":31,"column":13},"end":{"line":33,"column":7}}],"line":29},"4":{"loc":{"start":{"line":31,"column":13},"end":{"line":33,"column":7}},"type":"if","locations":[{"start":{"line":31,"column":13},"end":{"line":33,"column":7}},{"start":{},"end":{}}],"line":31},"5":{"loc":{"start":{"line":37,"column":4},"end":{"line":44,"column":5}},"type":"if","locations":[{"start":{"line":37,"column":4},"end":{"line":44,"column":5}},{"start":{},"end":{}}],"line":37},"6":{"loc":{"start":{"line":38,"column":24},"end":{"line":38,"column":56}},"type":"cond-expr","locations":[{"start":{"line":38,"column":42},"end":{"line":38,"column":47}},{"start":{"line":38,"column":50},"end":{"line":38,"column":56}}],"line":38},"7":{"loc":{"start":{"line":39,"column":6},"end":{"line":43,"column":7}},"type":"if","locations":[{"start":{"line":39,"column":6},"end":{"line":43,"column":7}},{"start":{"line":41,"column":13},"end":{"line":43,"column":7}}],"line":39},"8":{"loc":{"start":{"line":41,"column":13},"end":{"line":43,"column":7}},"type":"if","locations":[{"start":{"line":41,"column":13},"end":{"line":43,"column":7}},{"start":{},"end":{}}],"line":41},"9":{"loc":{"start":{"line":46,"column":20},"end":{"line":46,"column":39}},"type":"binary-expr","locations":[{"start":{"line":46,"column":20},"end":{"line":46,"column":34}},{"start":{"line":46,"column":38},"end":{"line":46,"column":39}}],"line":46},"10":{"loc":{"start":{"line":47,"column":21},"end":{"line":47,"column":42}},"type":"binary-expr","locations":[{"start":{"line":47,"column":21},"end":{"line":47,"column":36}},{"start":{"line":47,"column":40},"end":{"line":47,"column":42}}],"line":47},"11":{"loc":{"start":{"line":165,"column":4},"end":{"line":167,"column":5}},"type":"if","locations":[{"start":{"line":165,"column":4},"end":{"line":167,"column":5}},{"start":{},"end":{}}],"line":165},"12":{"loc":{"start":{"line":179,"column":6},"end":{"line":189,"column":7}},"type":"if","locations":[{"start":{"line":179,"column":6},"end":{"line":189,"column":7}},{"start":{"line":187,"column":13},"end":{"line":189,"column":7}}],"line":179},"13":{"loc":{"start":{"line":220,"column":4},"end":{"line":222,"column":5}},"type":"if","locations":[{"start":{"line":220,"column":4},"end":{"line":222,"column":5}},{"start":{},"end":{}}],"line":220},"14":{"loc":{"start":{"line":251,"column":4},"end":{"line":401,"column":5}},"type":"if","locations":[{"start":{"line":251,"column":4},"end":{"line":401,"column":5}},{"start":{},"end":{}}],"line":251},"15":{"loc":{"start":{"line":252,"column":6},"end":{"line":400,"column":7}},"type":"if","locations":[{"start":{"line":252,"column":6},"end":{"line":400,"column":7}},{"start":{"line":308,"column":13},"end":{"line":400,"column":7}}],"line":252},"16":{"loc":{"start":{"line":253,"column":8},"end":{"line":254,"column":43}},"type":"binary-expr","locations":[{"start":{"line":253,"column":8},"end":{"line":253,"column":40}},{"start":{"line":254,"column":8},"end":{"line":254,"column":43}}],"line":253},"17":{"loc":{"start":{"line":268,"column":8},"end":{"line":270,"column":9}},"type":"if","locations":[{"start":{"line":268,"column":8},"end":{"line":270,"column":9}},{"start":{},"end":{}}],"line":268},"18":{"loc":{"start":{"line":308,"column":13},"end":{"line":400,"column":7}},"type":"if","locations":[{"start":{"line":308,"column":13},"end":{"line":400,"column":7}},{"start":{"line":390,"column":13},"end":{"line":400,"column":7}}],"line":308},"19":{"loc":{"start":{"line":309,"column":8},"end":{"line":313,"column":40}},"type":"binary-expr","locations":[{"start":{"line":309,"column":8},"end":{"line":309,"column":37}},{"start":{"line":310,"column":8},"end":{"line":310,"column":39}},{"start":{"line":311,"column":8},"end":{"line":311,"column":39}},{"start":{"line":312,"column":8},"end":{"line":312,"column":39}},{"start":{"line":313,"column":8},"end":{"line":313,"column":40}}],"line":309},"20":{"loc":{"start":{"line":327,"column":8},"end":{"line":329,"column":9}},"type":"if","locations":[{"start":{"line":327,"column":8},"end":{"line":329,"column":9}},{"start":{},"end":{}}],"line":327},"21":{"loc":{"start":{"line":355,"column":8},"end":{"line":383,"column":9}},"type":"if","locations":[{"start":{"line":355,"column":8},"end":{"line":383,"column":9}},{"start":{"line":362,"column":15},"end":{"line":383,"column":9}}],"line":355},"22":{"loc":{"start":{"line":362,"column":15},"end":{"line":383,"column":9}},"type":"if","locations":[{"start":{"line":362,"column":15},"end":{"line":383,"column":9}},{"start":{"line":369,"column":15},"end":{"line":383,"column":9}}],"line":362},"23":{"loc":{"start":{"line":369,"column":15},"end":{"line":383,"column":9}},"type":"if","locations":[{"start":{"line":369,"column":15},"end":{"line":383,"column":9}},{"start":{"line":376,"column":15},"end":{"line":383,"column":9}}],"line":369},"24":{"loc":{"start":{"line":376,"column":15},"end":{"line":383,"column":9}},"type":"if","locations":[{"start":{"line":376,"column":15},"end":{"line":383,"column":9}},{"start":{},"end":{}}],"line":376},"25":{"loc":{"start":{"line":390,"column":13},"end":{"line":400,"column":7}},"type":"if","locations":[{"start":{"line":390,"column":13},"end":{"line":400,"column":7}},{"start":{"line":397,"column":13},"end":{"line":400,"column":7}}],"line":390},"26":{"loc":{"start":{"line":418,"column":4},"end":{"line":420,"column":5}},"type":"if","locations":[{"start":{"line":418,"column":4},"end":{"line":420,"column":5}},{"start":{},"end":{}}],"line":418}},"s":{"0":1,"1":1,"2":1,"3":1,"4":1,"5":1,"6":0,"7":0,"8":0,"9":0,"10":0,"11":0,"12":0,"13":0,"14":0,"15":0,"16":0,"17":0,"18":0,"19":0,"20":0,"21":0,"22":0,"23":0,"24":0,"25":0,"26":0,"27":0,"28":0,"29":0,"30":0,"31":0,"32":0,"33":0,"34":0,"35":0,"36":0,"37":0,"38":0,"39":0,"40":0,"41":0,"42":0,"43":0,"44":0,"45":0,"46":0,"47":0,"48":0,"49":0,"50":0,"51":0,"52":0,"53":0,"54":0,"55":0,"56":0,"57":1,"58":0,"59":0,"60":0,"61":0,"62":0,"63":0,"64":0,"65":0,"66":0,"67":1,"68":0,"69":0,"70":0,"71":0,"72":0,"73":0,"74":0,"75":0,"76":0,"77":0,"78":0,"79":0,"80":0,"81":0,"82":0,"83":0,"84":0,"85":0,"86":0,"87":0,"88":0,"89":0,"90":0,"91":0,"92":0,"93":0,"94":0,"95":0,"96":0,"97":0,"98":0,"99":0,"100":0,"101":0,"102":0,"103":0,"104":0,"105":0,"106":1,"107":0,"108":0,"109":0,"110":0,"111":0,"112":0,"113":0,"114":0,"115":0,"116":0,"117":1},"f":{"0":0,"1":0,"2":0,"3":0,"4":0,"5":0,"6":0,"7":0,"8":0},"b":{"0":[0,0],"1":[0,0],"2":[0,0],"3":[0,0],"4":[0,0],"5":[0,0],"6":[0,0],"7":[0,0],"8":[0,0],"9":[0,0],"10":[0,0],"11":[0,0],"12":[0,0],"13":[0,0],"14":[0,0],"15":[0,0],"16":[0,0],"17":[0,0],"18":[0,0],"19":[0,0,0,0,0],"20":[0,0],"21":[0,0],"22":[0,0],"23":[0,0],"24":[0,0],"25":[0,0],"26":[0,0]},"_coverageSchema":"1a1c01bbd47fc00a2c39e90264f33305004495a9","hash":"3a234e2dec39015fac199e1f0052e7cbfb3e263a"}
,"C:\\Users\\ACER\\Documents\\BinarMsib\\final-project-be-c2\\controllers\\discountController.js": {"path":"C:\\Users\\ACER\\Documents\\BinarMsib\\final-project-be-c2\\controllers\\discountController.js","statementMap":{"0":{"start":{"line":1,"column":22},"end":{"line":1,"column":42}},"1":{"start":{"line":2,"column":17},"end":{"line":2,"column":45}},"2":{"start":{"line":4,"column":23},"end":{"line":17,"column":1}},"3":{"start":{"line":5,"column":2},"end":{"line":16,"column":3}},"4":{"start":{"line":6,"column":22},"end":{"line":6,"column":47}},"5":{"start":{"line":8,"column":4},"end":{"line":13,"column":7}},"6":{"start":{"line":15,"column":4},"end":{"line":15,"column":48}},"7":{"start":{"line":19,"column":24},"end":{"line":36,"column":1}},"8":{"start":{"line":20,"column":2},"end":{"line":35,"column":3}},"9":{"start":{"line":21,"column":15},"end":{"line":21,"column":28}},"10":{"start":{"line":22,"column":21},"end":{"line":22,"column":49}},"11":{"start":{"line":24,"column":4},"end":{"line":26,"column":5}},"12":{"start":{"line":25,"column":6},"end":{"line":25,"column":77}},"13":{"start":{"line":27,"column":4},"end":{"line":32,"column":7}},"14":{"start":{"line":34,"column":4},"end":{"line":34,"column":48}},"15":{"start":{"line":38,"column":23},"end":{"line":61,"column":1}},"16":{"start":{"line":39,"column":2},"end":{"line":60,"column":3}},"17":{"start":{"line":40,"column":65},"end":{"line":40,"column":73}},"18":{"start":{"line":42,"column":17},"end":{"line":46,"column":5}},"19":{"start":{"line":48,"column":24},"end":{"line":48,"column":52}},"20":{"start":{"line":50,"column":4},"end":{"line":54,"column":7}},"21":{"start":{"line":56,"column":4},"end":{"line":59,"column":7}},"22":{"start":{"line":63,"column":23},"end":{"line":107,"column":1}},"23":{"start":{"line":64,"column":63},"end":{"line":64,"column":71}},"24":{"start":{"line":66,"column":2},"end":{"line":106,"column":3}},"25":{"start":{"line":67,"column":15},"end":{"line":67,"column":28}},"26":{"start":{"line":69,"column":21},"end":{"line":73,"column":6}},"27":{"start":{"line":75,"column":4},"end":{"line":77,"column":5}},"28":{"start":{"line":76,"column":6},"end":{"line":76,"column":77}},"29":{"start":{"line":79,"column":4},"end":{"line":90,"column":6}},"30":{"start":{"line":92,"column":27},"end":{"line":96,"column":6}},"31":{"start":{"line":98,"column":4},"end":{"line":103,"column":7}},"32":{"start":{"line":105,"column":4},"end":{"line":105,"column":50}},"33":{"start":{"line":109,"column":23},"end":{"line":135,"column":1}},"34":{"start":{"line":110,"column":2},"end":{"line":134,"column":3}},"35":{"start":{"line":111,"column":15},"end":{"line":111,"column":28}},"36":{"start":{"line":112,"column":21},"end":{"line":116,"column":6}},"37":{"start":{"line":118,"column":4},"end":{"line":120,"column":5}},"38":{"start":{"line":119,"column":6},"end":{"line":119,"column":77}},"39":{"start":{"line":122,"column":4},"end":{"line":126,"column":7}},"40":{"start":{"line":127,"column":4},"end":{"line":131,"column":7}},"41":{"start":{"line":133,"column":4},"end":{"line":133,"column":48}},"42":{"start":{"line":137,"column":0},"end":{"line":143,"column":2}}},"fnMap":{"0":{"name":"(anonymous_0)","decl":{"start":{"line":4,"column":23},"end":{"line":4,"column":24}},"loc":{"start":{"line":4,"column":49},"end":{"line":17,"column":1}},"line":4},"1":{"name":"(anonymous_1)","decl":{"start":{"line":19,"column":24},"end":{"line":19,"column":25}},"loc":{"start":{"line":19,"column":50},"end":{"line":36,"column":1}},"line":19},"2":{"name":"(anonymous_2)","decl":{"start":{"line":38,"column":23},"end":{"line":38,"column":24}},"loc":{"start":{"line":38,"column":49},"end":{"line":61,"column":1}},"line":38},"3":{"name":"(anonymous_3)","decl":{"start":{"line":63,"column":23},"end":{"line":63,"column":24}},"loc":{"start":{"line":63,"column":49},"end":{"line":107,"column":1}},"line":63},"4":{"name":"(anonymous_4)","decl":{"start":{"line":109,"column":23},"end":{"line":109,"column":24}},"loc":{"start":{"line":109,"column":49},"end":{"line":135,"column":1}},"line":109}},"branchMap":{"0":{"loc":{"start":{"line":24,"column":4},"end":{"line":26,"column":5}},"type":"if","locations":[{"start":{"line":24,"column":4},"end":{"line":26,"column":5}},{"start":{},"end":{}}],"line":24},"1":{"loc":{"start":{"line":75,"column":4},"end":{"line":77,"column":5}},"type":"if","locations":[{"start":{"line":75,"column":4},"end":{"line":77,"column":5}},{"start":{},"end":{}}],"line":75},"2":{"loc":{"start":{"line":118,"column":4},"end":{"line":120,"column":5}},"type":"if","locations":[{"start":{"line":118,"column":4},"end":{"line":120,"column":5}},{"start":{},"end":{}}],"line":118}},"s":{"0":1,"1":1,"2":1,"3":0,"4":0,"5":0,"6":0,"7":1,"8":0,"9":0,"10":0,"11":0,"12":0,"13":0,"14":0,"15":1,"16":0,"17":0,"18":0,"19":0,"20":0,"21":0,"22":1,"23":0,"24":0,"25":0,"26":0,"27":0,"28":0,"29":0,"30":0,"31":0,"32":0,"33":1,"34":0,"35":0,"36":0,"37":0,"38":0,"39":0,"40":0,"41":0,"42":1},"f":{"0":0,"1":0,"2":0,"3":0,"4":0},"b":{"0":[0,0],"1":[0,0],"2":[0,0]},"_coverageSchema":"1a1c01bbd47fc00a2c39e90264f33305004495a9","hash":"41c422d2f74fd2c4042d536667b389d322ade7bb"}
,"C:\\Users\\ACER\\Documents\\BinarMsib\\final-project-be-c2\\controllers\\errorController.js": {"path":"C:\\Users\\ACER\\Documents\\BinarMsib\\final-project-be-c2\\controllers\\errorController.js","statementMap":{"0":{"start":{"line":1,"column":17},"end":{"line":1,"column":45}},"1":{"start":{"line":3,"column":0},"end":{"line":19,"column":2}},"2":{"start":{"line":5,"column":4},"end":{"line":5,"column":43}},"3":{"start":{"line":6,"column":4},"end":{"line":6,"column":28}},"4":{"start":{"line":7,"column":4},"end":{"line":7,"column":30}},"5":{"start":{"line":9,"column":4},"end":{"line":13,"column":7}},"6":{"start":{"line":17,"column":4},"end":{"line":17,"column":48}}},"fnMap":{"0":{"name":"(anonymous_0)","decl":{"start":{"line":4,"column":2},"end":{"line":4,"column":3}},"loc":{"start":{"line":4,"column":31},"end":{"line":14,"column":3}},"line":4},"1":{"name":"(anonymous_1)","decl":{"start":{"line":16,"column":2},"end":{"line":16,"column":3}},"loc":{"start":{"line":16,"column":25},"end":{"line":18,"column":3}},"line":16}},"branchMap":{"0":{"loc":{"start":{"line":5,"column":21},"end":{"line":5,"column":42}},"type":"binary-expr","locations":[{"start":{"line":5,"column":21},"end":{"line":5,"column":35}},{"start":{"line":5,"column":39},"end":{"line":5,"column":42}}],"line":5}},"s":{"0":1,"1":1,"2":5,"3":5,"4":5,"5":5,"6":0},"f":{"0":5,"1":0},"b":{"0":[5,0]},"_coverageSchema":"1a1c01bbd47fc00a2c39e90264f33305004495a9","hash":"07153ca112c7a187c08bc35c7af0c767b62e6a77"}
,"C:\\Users\\ACER\\Documents\\BinarMsib\\final-project-be-c2\\controllers\\flightController.js": {"path":"C:\\Users\\ACER\\Documents\\BinarMsib\\final-project-be-c2\\controllers\\flightController.js","statementMap":{"0":{"start":{"line":1,"column":47},"end":{"line":1,"column":67}},"1":{"start":{"line":2,"column":17},"end":{"line":2,"column":45}},"2":{"start":{"line":3,"column":22},"end":{"line":3,"column":55}},"3":{"start":{"line":4,"column":15},"end":{"line":4,"column":35}},"4":{"start":{"line":6,"column":20},"end":{"line":155,"column":1}},"5":{"start":{"line":7,"column":2},"end":{"line":154,"column":3}},"6":{"start":{"line":8,"column":66},"end":{"line":8,"column":75}},"7":{"start":{"line":10,"column":22},"end":{"line":10,"column":24}},"8":{"start":{"line":13,"column":4},"end":{"line":23,"column":5}},"9":{"start":{"line":14,"column":33},"end":{"line":14,"column":54}},"10":{"start":{"line":15,"column":27},"end":{"line":15,"column":57}},"11":{"start":{"line":16,"column":23},"end":{"line":16,"column":45}},"12":{"start":{"line":17,"column":6},"end":{"line":17,"column":51}},"13":{"start":{"line":19,"column":6},"end":{"line":22,"column":8}},"14":{"start":{"line":25,"column":4},"end":{"line":27,"column":5}},"15":{"start":{"line":26,"column":6},"end":{"line":26,"column":68}},"16":{"start":{"line":29,"column":22},"end":{"line":29,"column":24}},"17":{"start":{"line":30,"column":4},"end":{"line":43,"column":5}},"18":{"start":{"line":31,"column":24},"end":{"line":31,"column":56}},"19":{"start":{"line":32,"column":6},"end":{"line":42,"column":7}},"20":{"start":{"line":33,"column":8},"end":{"line":33,"column":54}},"21":{"start":{"line":34,"column":13},"end":{"line":42,"column":7}},"22":{"start":{"line":35,"column":8},"end":{"line":35,"column":53}},"23":{"start":{"line":36,"column":13},"end":{"line":42,"column":7}},"24":{"start":{"line":37,"column":8},"end":{"line":37,"column":61}},"25":{"start":{"line":38,"column":13},"end":{"line":42,"column":7}},"26":{"start":{"line":39,"column":8},"end":{"line":39,"column":54}},"27":{"start":{"line":40,"column":13},"end":{"line":42,"column":7}},"28":{"start":{"line":41,"column":8},"end":{"line":41,"column":57}},"29":{"start":{"line":45,"column":20},"end":{"line":45,"column":39}},"30":{"start":{"line":46,"column":21},"end":{"line":46,"column":42}},"31":{"start":{"line":47,"column":19},"end":{"line":47,"column":43}},"32":{"start":{"line":49,"column":23},"end":{"line":80,"column":6}},"33":{"start":{"line":82,"column":20},"end":{"line":134,"column":6}},"34":{"start":{"line":136,"column":23},"end":{"line":136,"column":55}},"35":{"start":{"line":138,"column":4},"end":{"line":151,"column":7}},"36":{"start":{"line":153,"column":4},"end":{"line":153,"column":48}},"37":{"start":{"line":157,"column":23},"end":{"line":181,"column":1}},"38":{"start":{"line":158,"column":2},"end":{"line":180,"column":3}},"39":{"start":{"line":159,"column":15},"end":{"line":159,"column":28}},"40":{"start":{"line":160,"column":19},"end":{"line":164,"column":6}},"41":{"start":{"line":166,"column":4},"end":{"line":168,"column":5}},"42":{"start":{"line":167,"column":6},"end":{"line":167,"column":76}},"43":{"start":{"line":170,"column":4},"end":{"line":177,"column":7}},"44":{"start":{"line":179,"column":4},"end":{"line":179,"column":48}},"45":{"start":{"line":183,"column":21},"end":{"line":248,"column":1}},"46":{"start":{"line":198,"column":6},"end":{"line":198,"column":14}},"47":{"start":{"line":199,"column":2},"end":{"line":247,"column":3}},"48":{"start":{"line":200,"column":15},"end":{"line":200,"column":28}},"49":{"start":{"line":201,"column":19},"end":{"line":205,"column":6}},"50":{"start":{"line":206,"column":4},"end":{"line":208,"column":5}},"51":{"start":{"line":207,"column":6},"end":{"line":207,"column":76}},"52":{"start":{"line":209,"column":4},"end":{"line":230,"column":6}},"53":{"start":{"line":231,"column":26},"end":{"line":235,"column":6}},"54":{"start":{"line":237,"column":4},"end":{"line":244,"column":7}},"55":{"start":{"line":246,"column":4},"end":{"line":246,"column":48}},"56":{"start":{"line":250,"column":21},"end":{"line":276,"column":1}},"57":{"start":{"line":251,"column":2},"end":{"line":275,"column":3}},"58":{"start":{"line":252,"column":15},"end":{"line":252,"column":28}},"59":{"start":{"line":253,"column":19},"end":{"line":257,"column":6}},"60":{"start":{"line":259,"column":4},"end":{"line":261,"column":5}},"61":{"start":{"line":260,"column":6},"end":{"line":260,"column":69}},"62":{"start":{"line":262,"column":4},"end":{"line":266,"column":7}},"63":{"start":{"line":268,"column":4},"end":{"line":272,"column":7}},"64":{"start":{"line":274,"column":4},"end":{"line":274,"column":48}},"65":{"start":{"line":278,"column":21},"end":{"line":324,"column":1}},"66":{"start":{"line":292,"column":6},"end":{"line":292,"column":14}},"67":{"start":{"line":294,"column":2},"end":{"line":323,"column":3}},"68":{"start":{"line":295,"column":22},"end":{"line":308,"column":6}},"69":{"start":{"line":311,"column":4},"end":{"line":311,"column":56}},"70":{"start":{"line":313,"column":4},"end":{"line":320,"column":7}},"71":{"start":{"line":322,"column":4},"end":{"line":322,"column":48}},"72":{"start":{"line":326,"column":0},"end":{"line":332,"column":2}}},"fnMap":{"0":{"name":"(anonymous_0)","decl":{"start":{"line":6,"column":20},"end":{"line":6,"column":21}},"loc":{"start":{"line":6,"column":46},"end":{"line":155,"column":1}},"line":6},"1":{"name":"(anonymous_1)","decl":{"start":{"line":157,"column":23},"end":{"line":157,"column":24}},"loc":{"start":{"line":157,"column":49},"end":{"line":181,"column":1}},"line":157},"2":{"name":"(anonymous_2)","decl":{"start":{"line":183,"column":21},"end":{"line":183,"column":22}},"loc":{"start":{"line":183,"column":47},"end":{"line":248,"column":1}},"line":183},"3":{"name":"(anonymous_3)","decl":{"start":{"line":250,"column":21},"end":{"line":250,"column":22}},"loc":{"start":{"line":250,"column":47},"end":{"line":276,"column":1}},"line":250},"4":{"name":"(anonymous_4)","decl":{"start":{"line":278,"column":21},"end":{"line":278,"column":22}},"loc":{"start":{"line":278,"column":47},"end":{"line":324,"column":1}},"line":278}},"branchMap":{"0":{"loc":{"start":{"line":13,"column":4},"end":{"line":23,"column":5}},"type":"if","locations":[{"start":{"line":13,"column":4},"end":{"line":23,"column":5}},{"start":{},"end":{}}],"line":13},"1":{"loc":{"start":{"line":25,"column":4},"end":{"line":27,"column":5}},"type":"if","locations":[{"start":{"line":25,"column":4},"end":{"line":27,"column":5}},{"start":{},"end":{}}],"line":25},"2":{"loc":{"start":{"line":30,"column":4},"end":{"line":43,"column":5}},"type":"if","locations":[{"start":{"line":30,"column":4},"end":{"line":43,"column":5}},{"start":{},"end":{}}],"line":30},"3":{"loc":{"start":{"line":31,"column":24},"end":{"line":31,"column":56}},"type":"cond-expr","locations":[{"start":{"line":31,"column":42},"end":{"line":31,"column":47}},{"start":{"line":31,"column":50},"end":{"line":31,"column":56}}],"line":31},"4":{"loc":{"start":{"line":32,"column":6},"end":{"line":42,"column":7}},"type":"if","locations":[{"start":{"line":32,"column":6},"end":{"line":42,"column":7}},{"start":{"line":34,"column":13},"end":{"line":42,"column":7}}],"line":32},"5":{"loc":{"start":{"line":34,"column":13},"end":{"line":42,"column":7}},"type":"if","locations":[{"start":{"line":34,"column":13},"end":{"line":42,"column":7}},{"start":{"line":36,"column":13},"end":{"line":42,"column":7}}],"line":34},"6":{"loc":{"start":{"line":36,"column":13},"end":{"line":42,"column":7}},"type":"if","locations":[{"start":{"line":36,"column":13},"end":{"line":42,"column":7}},{"start":{"line":38,"column":13},"end":{"line":42,"column":7}}],"line":36},"7":{"loc":{"start":{"line":38,"column":13},"end":{"line":42,"column":7}},"type":"if","locations":[{"start":{"line":38,"column":13},"end":{"line":42,"column":7}},{"start":{"line":40,"column":13},"end":{"line":42,"column":7}}],"line":38},"8":{"loc":{"start":{"line":40,"column":13},"end":{"line":42,"column":7}},"type":"if","locations":[{"start":{"line":40,"column":13},"end":{"line":42,"column":7}},{"start":{},"end":{}}],"line":40},"9":{"loc":{"start":{"line":45,"column":20},"end":{"line":45,"column":39}},"type":"binary-expr","locations":[{"start":{"line":45,"column":20},"end":{"line":45,"column":34}},{"start":{"line":45,"column":38},"end":{"line":45,"column":39}}],"line":45},"10":{"loc":{"start":{"line":46,"column":21},"end":{"line":46,"column":42}},"type":"binary-expr","locations":[{"start":{"line":46,"column":21},"end":{"line":46,"column":36}},{"start":{"line":46,"column":40},"end":{"line":46,"column":42}}],"line":46},"11":{"loc":{"start":{"line":166,"column":4},"end":{"line":168,"column":5}},"type":"if","locations":[{"start":{"line":166,"column":4},"end":{"line":168,"column":5}},{"start":{},"end":{}}],"line":166},"12":{"loc":{"start":{"line":206,"column":4},"end":{"line":208,"column":5}},"type":"if","locations":[{"start":{"line":206,"column":4},"end":{"line":208,"column":5}},{"start":{},"end":{}}],"line":206},"13":{"loc":{"start":{"line":259,"column":4},"end":{"line":261,"column":5}},"type":"if","locations":[{"start":{"line":259,"column":4},"end":{"line":261,"column":5}},{"start":{},"end":{}}],"line":259}},"s":{"0":1,"1":1,"2":1,"3":1,"4":1,"5":0,"6":0,"7":0,"8":0,"9":0,"10":0,"11":0,"12":0,"13":0,"14":0,"15":0,"16":0,"17":0,"18":0,"19":0,"20":0,"21":0,"22":0,"23":0,"24":0,"25":0,"26":0,"27":0,"28":0,"29":0,"30":0,"31":0,"32":0,"33":0,"34":0,"35":0,"36":0,"37":1,"38":0,"39":0,"40":0,"41":0,"42":0,"43":0,"44":0,"45":1,"46":0,"47":0,"48":0,"49":0,"50":0,"51":0,"52":0,"53":0,"54":0,"55":0,"56":1,"57":0,"58":0,"59":0,"60":0,"61":0,"62":0,"63":0,"64":0,"65":1,"66":0,"67":0,"68":0,"69":0,"70":0,"71":0,"72":1},"f":{"0":0,"1":0,"2":0,"3":0,"4":0},"b":{"0":[0,0],"1":[0,0],"2":[0,0],"3":[0,0],"4":[0,0],"5":[0,0],"6":[0,0],"7":[0,0],"8":[0,0],"9":[0,0],"10":[0,0],"11":[0,0],"12":[0,0],"13":[0,0]},"_coverageSchema":"1a1c01bbd47fc00a2c39e90264f33305004495a9","hash":"aa3eb4d6deb710a216dcc917e36517ae06d1438a"}
,"C:\\Users\\ACER\\Documents\\BinarMsib\\final-project-be-c2\\controllers\\notificationsController.js": {"path":"C:\\Users\\ACER\\Documents\\BinarMsib\\final-project-be-c2\\controllers\\notificationsController.js","statementMap":{"0":{"start":{"line":1,"column":26},"end":{"line":1,"column":46}},"1":{"start":{"line":2,"column":15},"end":{"line":2,"column":35}},"2":{"start":{"line":3,"column":17},"end":{"line":3,"column":45}},"3":{"start":{"line":5,"column":26},"end":{"line":70,"column":1}},"4":{"start":{"line":6,"column":2},"end":{"line":69,"column":3}},"5":{"start":{"line":7,"column":19},"end":{"line":7,"column":30}},"6":{"start":{"line":16,"column":8},"end":{"line":16,"column":17}},"7":{"start":{"line":18,"column":22},"end":{"line":20,"column":5}},"8":{"start":{"line":23,"column":4},"end":{"line":24,"column":78}},"9":{"start":{"line":24,"column":6},"end":{"line":24,"column":78}},"10":{"start":{"line":27,"column":4},"end":{"line":28,"column":79}},"11":{"start":{"line":28,"column":6},"end":{"line":28,"column":79}},"12":{"start":{"line":31,"column":4},"end":{"line":34,"column":8}},"13":{"start":{"line":32,"column":6},"end":{"line":34,"column":8}},"14":{"start":{"line":37,"column":4},"end":{"line":37,"column":68}},"15":{"start":{"line":37,"column":17},"end":{"line":37,"column":68}},"16":{"start":{"line":39,"column":20},"end":{"line":39,"column":39}},"17":{"start":{"line":40,"column":21},"end":{"line":40,"column":42}},"18":{"start":{"line":41,"column":19},"end":{"line":41,"column":43}},"19":{"start":{"line":43,"column":23},"end":{"line":43,"column":70}},"20":{"start":{"line":44,"column":25},"end":{"line":49,"column":6}},"21":{"start":{"line":51,"column":23},"end":{"line":51,"column":55}},"22":{"start":{"line":53,"column":4},"end":{"line":66,"column":7}},"23":{"start":{"line":68,"column":4},"end":{"line":68,"column":48}},"24":{"start":{"line":72,"column":30},"end":{"line":98,"column":1}},"25":{"start":{"line":73,"column":2},"end":{"line":97,"column":3}},"26":{"start":{"line":74,"column":20},"end":{"line":74,"column":33}},"27":{"start":{"line":76,"column":25},"end":{"line":80,"column":6}},"28":{"start":{"line":82,"column":4},"end":{"line":86,"column":5}},"29":{"start":{"line":83,"column":6},"end":{"line":85,"column":8}},"30":{"start":{"line":87,"column":4},"end":{"line":94,"column":7}},"31":{"start":{"line":96,"column":4},"end":{"line":96,"column":48}},"32":{"start":{"line":100,"column":28},"end":{"line":128,"column":1}},"33":{"start":{"line":106,"column":6},"end":{"line":106,"column":14}},"34":{"start":{"line":108,"column":2},"end":{"line":127,"column":3}},"35":{"start":{"line":109,"column":28},"end":{"line":114,"column":6}},"36":{"start":{"line":116,"column":4},"end":{"line":124,"column":7}},"37":{"start":{"line":126,"column":4},"end":{"line":126,"column":48}},"38":{"start":{"line":130,"column":28},"end":{"line":164,"column":1}},"39":{"start":{"line":131,"column":25},"end":{"line":131,"column":38}},"40":{"start":{"line":137,"column":6},"end":{"line":137,"column":14}},"41":{"start":{"line":139,"column":2},"end":{"line":163,"column":3}},"42":{"start":{"line":140,"column":23},"end":{"line":140,"column":67}},"43":{"start":{"line":142,"column":4},"end":{"line":144,"column":5}},"44":{"start":{"line":143,"column":6},"end":{"line":143,"column":63}},"45":{"start":{"line":146,"column":4},"end":{"line":151,"column":7}},"46":{"start":{"line":153,"column":4},"end":{"line":160,"column":7}},"47":{"start":{"line":162,"column":4},"end":{"line":162,"column":48}},"48":{"start":{"line":166,"column":28},"end":{"line":186,"column":1}},"49":{"start":{"line":167,"column":25},"end":{"line":167,"column":38}},"50":{"start":{"line":169,"column":2},"end":{"line":185,"column":3}},"51":{"start":{"line":170,"column":25},"end":{"line":170,"column":69}},"52":{"start":{"line":172,"column":4},"end":{"line":174,"column":5}},"53":{"start":{"line":173,"column":6},"end":{"line":173,"column":63}},"54":{"start":{"line":176,"column":4},"end":{"line":176,"column":33}},"55":{"start":{"line":178,"column":4},"end":{"line":182,"column":7}},"56":{"start":{"line":184,"column":4},"end":{"line":184,"column":48}},"57":{"start":{"line":188,"column":0},"end":{"line":194,"column":2}}},"fnMap":{"0":{"name":"(anonymous_0)","decl":{"start":{"line":5,"column":26},"end":{"line":5,"column":27}},"loc":{"start":{"line":5,"column":52},"end":{"line":70,"column":1}},"line":5},"1":{"name":"(anonymous_1)","decl":{"start":{"line":72,"column":30},"end":{"line":72,"column":31}},"loc":{"start":{"line":72,"column":56},"end":{"line":98,"column":1}},"line":72},"2":{"name":"(anonymous_2)","decl":{"start":{"line":100,"column":28},"end":{"line":100,"column":29}},"loc":{"start":{"line":100,"column":54},"end":{"line":128,"column":1}},"line":100},"3":{"name":"(anonymous_3)","decl":{"start":{"line":130,"column":28},"end":{"line":130,"column":29}},"loc":{"start":{"line":130,"column":54},"end":{"line":164,"column":1}},"line":130},"4":{"name":"(anonymous_4)","decl":{"start":{"line":166,"column":28},"end":{"line":166,"column":29}},"loc":{"start":{"line":166,"column":54},"end":{"line":186,"column":1}},"line":166}},"branchMap":{"0":{"loc":{"start":{"line":23,"column":4},"end":{"line":24,"column":78}},"type":"if","locations":[{"start":{"line":23,"column":4},"end":{"line":24,"column":78}},{"start":{},"end":{}}],"line":23},"1":{"loc":{"start":{"line":27,"column":4},"end":{"line":28,"column":79}},"type":"if","locations":[{"start":{"line":27,"column":4},"end":{"line":28,"column":79}},{"start":{},"end":{}}],"line":27},"2":{"loc":{"start":{"line":31,"column":4},"end":{"line":34,"column":8}},"type":"if","locations":[{"start":{"line":31,"column":4},"end":{"line":34,"column":8}},{"start":{},"end":{}}],"line":31},"3":{"loc":{"start":{"line":37,"column":4},"end":{"line":37,"column":68}},"type":"if","locations":[{"start":{"line":37,"column":4},"end":{"line":37,"column":68}},{"start":{},"end":{}}],"line":37},"4":{"loc":{"start":{"line":39,"column":20},"end":{"line":39,"column":39}},"type":"binary-expr","locations":[{"start":{"line":39,"column":20},"end":{"line":39,"column":34}},{"start":{"line":39,"column":38},"end":{"line":39,"column":39}}],"line":39},"5":{"loc":{"start":{"line":40,"column":21},"end":{"line":40,"column":42}},"type":"binary-expr","locations":[{"start":{"line":40,"column":21},"end":{"line":40,"column":36}},{"start":{"line":40,"column":40},"end":{"line":40,"column":42}}],"line":40},"6":{"loc":{"start":{"line":82,"column":4},"end":{"line":86,"column":5}},"type":"if","locations":[{"start":{"line":82,"column":4},"end":{"line":86,"column":5}},{"start":{},"end":{}}],"line":82},"7":{"loc":{"start":{"line":142,"column":4},"end":{"line":144,"column":5}},"type":"if","locations":[{"start":{"line":142,"column":4},"end":{"line":144,"column":5}},{"start":{},"end":{}}],"line":142},"8":{"loc":{"start":{"line":172,"column":4},"end":{"line":174,"column":5}},"type":"if","locations":[{"start":{"line":172,"column":4},"end":{"line":174,"column":5}},{"start":{},"end":{}}],"line":172}},"s":{"0":1,"1":1,"2":1,"3":1,"4":0,"5":0,"6":0,"7":0,"8":0,"9":0,"10":0,"11":0,"12":0,"13":0,"14":0,"15":0,"16":0,"17":0,"18":0,"19":0,"20":0,"21":0,"22":0,"23":0,"24":1,"25":0,"26":0,"27":0,"28":0,"29":0,"30":0,"31":0,"32":1,"33":0,"34":0,"35":0,"36":0,"37":0,"38":1,"39":0,"40":0,"41":0,"42":0,"43":0,"44":0,"45":0,"46":0,"47":0,"48":1,"49":0,"50":0,"51":0,"52":0,"53":0,"54":0,"55":0,"56":0,"57":1},"f":{"0":0,"1":0,"2":0,"3":0,"4":0},"b":{"0":[0,0],"1":[0,0],"2":[0,0],"3":[0,0],"4":[0,0],"5":[0,0],"6":[0,0],"7":[0,0],"8":[0,0]},"_coverageSchema":"1a1c01bbd47fc00a2c39e90264f33305004495a9","hash":"278671e0077798920c1a05613e33d46f3dd15344"}
,"C:\\Users\\ACER\\Documents\\BinarMsib\\final-project-be-c2\\controllers\\passengersController.js": {"path":"C:\\Users\\ACER\\Documents\\BinarMsib\\final-project-be-c2\\controllers\\passengersController.js","statementMap":{"0":{"start":{"line":1,"column":23},"end":{"line":1,"column":43}},"1":{"start":{"line":2,"column":17},"end":{"line":2,"column":45}},"2":{"start":{"line":4,"column":23},"end":{"line":18,"column":1}},"3":{"start":{"line":5,"column":2},"end":{"line":17,"column":3}},"4":{"start":{"line":6,"column":23},"end":{"line":6,"column":49}},"5":{"start":{"line":7,"column":4},"end":{"line":14,"column":7}},"6":{"start":{"line":16,"column":4},"end":{"line":16,"column":48}},"7":{"start":{"line":20,"column":27},"end":{"line":46,"column":1}},"8":{"start":{"line":21,"column":2},"end":{"line":45,"column":3}},"9":{"start":{"line":22,"column":25},"end":{"line":22,"column":38}},"10":{"start":{"line":24,"column":22},"end":{"line":28,"column":6}},"11":{"start":{"line":30,"column":4},"end":{"line":34,"column":5}},"12":{"start":{"line":31,"column":6},"end":{"line":33,"column":8}},"13":{"start":{"line":35,"column":4},"end":{"line":42,"column":7}},"14":{"start":{"line":44,"column":4},"end":{"line":44,"column":48}},"15":{"start":{"line":48,"column":25},"end":{"line":83,"column":1}},"16":{"start":{"line":49,"column":2},"end":{"line":82,"column":3}},"17":{"start":{"line":60,"column":8},"end":{"line":60,"column":16}},"18":{"start":{"line":62,"column":25},"end":{"line":72,"column":6}},"19":{"start":{"line":74,"column":4},"end":{"line":79,"column":7}},"20":{"start":{"line":81,"column":4},"end":{"line":81,"column":48}},"21":{"start":{"line":85,"column":25},"end":{"line":153,"column":1}},"22":{"start":{"line":96,"column":6},"end":{"line":96,"column":14}},"23":{"start":{"line":98,"column":2},"end":{"line":152,"column":3}},"24":{"start":{"line":99,"column":25},"end":{"line":99,"column":38}},"25":{"start":{"line":101,"column":29},"end":{"line":105,"column":6}},"26":{"start":{"line":107,"column":4},"end":{"
[...]
,"C:\\Users\\ACER\\Documents\\BinarMsib\\final-project-be-c2\\utils\\createToken.js": {"path":"C:\\Users\\ACER\\Documents\\BinarMsib\\final-project-be-c2\\utils\\createToken.js","statementMap":{"0":{"start":{"line":1,"column":12},"end":{"line":1,"column":35}},"1":{"start":{"line":4,"column":18},"end":{"line":9,"column":3}},"2":{"start":{"line":11,"column":2},"end":{"line":13,"column":5}},"3":{"start":{"line":16,"column":0},"end":{"line":16,"column":29}}},"fnMap":{"0":{"name":"createToken","decl":{"start":{"line":3,"column":9},"end":{"line":3,"column":20}},"loc":{"start":{"line":3,"column":27},"end":{"line":14,"column":1}},"line":3}},"branchMap":{},"s":{"0":1,"1":0,"2":0,"3":1},"f":{"0":0},"b":{},"_coverageSchema":"1a1c01bbd47fc00a2c39e90264f33305004495a9","hash":"62e3bdc710045a2b61d230c25ea5484615e07fa6"}
,"C:\\Users\\ACER\\Documents\\BinarMsib\\final-project-be-c2\\utils\\imageKit.js": {"path":"C:\\Users\\ACER\\Documents\\BinarMsib\\final-project-be-c2\\utils\\imageKit.js","statementMap":{"0":{"start":{"line":1,"column":17},"end":{"line":1,"column":36}},"1":{"start":{"line":3,"column":17},"end":{"line":7,"column":2}},"2":{"start":{"line":9,"column":0},"end":{"line":9,"column":26}}},"fnMap":{},"branchMap":{},"s":{"0":1,"1":1,"2":1},"f":{},"b":{},"_coverageSchema":"1a1c01bbd47fc00a2c39e90264f33305004495a9","hash":"a974705af728477f85910b1ad19a24b01744af9e"}
,"C:\\Users\\ACER\\Documents\\BinarMsib\\final-project-be-c2\\utils\\multerConfig.js": {"path":"C:\\Users\\ACER\\Documents\\BinarMsib\\final-project-be-c2\\utils\\multerConfig.js","statementMap":{"0":{"start":{"line":1,"column":15},"end":{"line":1,"column":32}},"1":{"start":{"line":3,"column":24},"end":{"line":15,"column":1}},"2":{"start":{"line":4,"column":2},"end":{"line":14,"column":3}},"3":{"start":{"line":9,"column":4},"end":{"line":9,"column":19}},"4":{"start":{"line":11,"column":4},"end":{"line":13,"column":6}},"5":{"start":{"line":17,"column":15},"end":{"line":19,"column":2}},"6":{"start":{"line":21,"column":0},"end":{"line":21,"column":24}}},"fnMap":{"0":{"name":"(anonymous_0)","decl":{"start":{"line":3,"column":24},"end":{"line":3,"column":25}},"loc":{"start":{"line":3,"column":43},"end":{"line":15,"column":1}},"line":3}},"branchMap":{"0":{"loc":{"start":{"line":4,"column":2},"end":{"line":14,"column":3}},"type":"if","locations":[{"start":{"line":4,"column":2},"end":{"line":14,"column":3}},{"start":{"line":10,"column":9},"end":{"line":14,"column":3}}],"line":4},"1":{"loc":{"start":{"line":5,"column":4},"end":{"line":7,"column":33}},"type":"binary-expr","locations":[{"start":{"line":5,"column":4},"end":{"line":5,"column":32}},{"start":{"line":6,"column":4},"end":{"line":6,"column":32}},{"start":{"line":7,"column":4},"end":{"line":7,"column":33}}],"line":5}},"s":{"0":1,"1":1,"2":0,"3":0,"4":0,"5":1,"6":1},"f":{"0":0},"b":{"0":[0,0],"1":[0,0,0]},"_coverageSchema":"1a1c01bbd47fc00a2c39e90264f33305004495a9","hash":"5af38e9448366ec82696fd3d24ba68e18eceebee"}
,"C:\\Users\\ACER\\Documents\\BinarMsib\\final-project-be-c2\\utils\\processBooking.js": {"path":"C:\\Users\\ACER\\Documents\\BinarMsib\\final-project-be-c2\\utils\\processBooking.js","statementMap":{"0":{"start":{"line":1,"column":23},"end":{"line":1,"column":49}},"1":{"start":{"line":2,"column":14},"end":{"line":2,"column":30}},"2":{"start":{"line":3,"column":24},"end":{"line":3,"column":63}},"3":{"start":{"line":4,"column":0},"end":{"line":4,"column":30}},"4":{"start":{"line":14,"column":4},"end":{"line":14,"column":24}},"5":{"start":{"line":16,"column":16},"end":{"line":20,"column":2}},"6":{"start":{"line":22,"column":13},"end":{"line":25,"column":2}},"7":{"start":{"line":27,"column":23},"end":{"line":320,"column":1}},"8":{"start":{"line":28,"column":22},"end":{"line":28,"column":51}},"9":{"start":{"line":29,"column":2},"end":{"line":319,"column":3}},"10":{"start":{"line":31,"column":19},"end":{"line":31,"column":58}},"11":{"start":{"line":32,"column":4},"end":{"line":34,"column":5}},"12":{"start":{"line":33,"column":6},"end":{"line":33,"column":42}},"13":{"start":{"line":36,"column":4},"end":{"line":41,"column":5}},"14":{"start":{"line":37,"column":27},"end":{"line":37,"column":73}},"15":{"start":{"line":38,"column":6},"end":{"line":40,"column":7}},"16":{"start":{"line":39,"column":8},"end":{"line":39,"column":51}},"17":{"start":{"line":43,"column":24},"end":{"line":43,"column":45}},"18":{"start":{"line":46,"column":20},"end":{"line":63,"column":5}},"19":{"start":{"line":66,"column":33},"end":{"line":133,"column":5}},"20":{"start":{"line":67,"column":24},"end":{"line":67,"column":25}},"21":{"start":{"line":68,"column":26},"end":{"line":68,"column":28}},"22":{"start":{"line":70,"column":21},"end":{"line":70,"column":53}},"23":{"start":{"line":71,"column":6},"end":{"line":73,"column":7}},"24":{"start":{"line":72,"column":8},"end":{"line":72,"column":44}},"25":{"start":{"line":75,"column":6},"end":{"line":130,"column":7}},"26":{"start":{"line":76,"column":26},"end":{"line":89,"column":9}},"27":{"start":{"line":91,"column":21},"end":{"line":99,"column":10}},"28":{"start":{"line":101,"column":8},"end":{"line":105,"column":9}},"29":{"start":{"line":102,"column":10},"end":{"line":104,"column":12}},"30":{"start":{"line":107,"column":26},"end":{"line":107,"column":70}},"31":{"start":{"line":109,"column":8},"end":{"line":118,"column":10}},"32":{"start":{"line":120,"column":8},"end":{"line":120,"column":70}},"33":{"start":{"line":122,"column":8},"end":{"line":122,"column":33}},"34":{"start":{"line":124,"column":8},"end":{"line":129,"column":11}},"35":{"start":{"line":132,"column":6},"end":{"line":132,"column":42}},"36":{"start":{"line":136,"column":29},"end":{"line":139,"column":5}},"37":{"start":{"line":140,"column":22},"end":{"line":140,"column":50}},"38":{"start":{"line":141,"column":22},"end":{"line":141,"column":50}},"39":{"start":{"line":143,"column":4},"end":{"line":150,"column":5}},"40":{"start":{"line":144,"column":28},"end":{"line":147,"column":7}},"41":{"start":{"line":148,"column":6},"end":{"line":148,"column":47}},"42":{"start":{"line":149,"column":6},"end":{"line":149,"column":66}},"43":{"start":{"line":153,"column":4},"end":{"line":176,"column":5}},"44":{"start":{"line":154,"column":23},"end":{"line":156,"column":8}},"45":{"start":{"line":158,"column":6},"end":{"line":175,"column":7}},"46":{"start":{"line":159,"column":8},"end":{"line":174,"column":9}},"47":{"start":{"line":160,"column":10},"end":{"line":171,"column":11}},"48":{"start":{"line":162,"column":14},"end":{"line":162,"column":60}},"49":{"start":{"line":163,"column":12},"end":{"line":163,"column":55}},"50":{"start":{"line":164,"column":12},"end":{"line":168,"column":15}},"51":{"start":{"line":170,"column":12},"end":{"line":170,"column":51}},"52":{"start":{"line":173,"column":10},"end":{"line":173,"column":70}},"53":{"start":{"line":179,"column":4},"end":{"line":179,"column":73}},"54":{"start":{"line":181,"column":28},"end":{"line":192,"column":5}},"55":{"start":{"line":195,"column":26},"end":{"line":195,"column":46}},"56":{"start":{"line":198,"column":4},"end":{"line":301,"column":5}},"57":{"start":{"line":199,"column":29},"end":{"line":205,"column":7}},"58":{"start":{"line":207,"column":28},"end":{"line":207,"column":67}},"59":{"start":{"line":209,"column":22},"end":{"line":209,"column":44}},"60":{"start":{"line":211,"column":25},"end":{"line":223,"column":7}},"61":{"start":{"line":225,"column":6},"end":{"line":225,"column":56}},"62":{"start":{"line":226,"column":11},"end":{"line":301,"column":5}},"63":{"start":{"line":227,"column":22},"end":{"line":235,"column":7}},"64":{"start":{"line":237,"column":6},"end":{"line":237,"column":55}},"65":{"start":{"line":238,"column":11},"end":{"line":301,"column":5}},"66":{"start":{"line":244,"column":22},"end":{"line":255,"column":7}},"67":{"start":{"line":257,"column":6},"end":{"line":257,"column":55}},"68":{"start":{"line":258,"column":11},"end":{"line":301,"column":5}},"69":{"start":{"line":259,"column":22},"end":{"line":267,"column":7}},"70":{"start":{"line":269,"column":6},"end":{"line":269,"column":55}},"71":{"start":{"line":270,"column":11},"end":{"line":301,"column":5}},"72":{"start":{"line":271,"column":22},"end":{"line":283,"column":7}},"73":{"start":{"line":285,"column":6},"end":{"line":285,"column":55}},"74":{"start":{"line":286,"column":11},"end":{"line":301,"column":5}},"75":{"start":{"line":287,"column":22},"end":{"line":296,"column":7}},"76":{"start":{"line":298,"column":6},"end":{"line":298,"column":63}},"77":{"start":{"line":300,"column":6},"end":{"line":300,"column":53}},"78":{"start":{"line":303,"column":4},"end":{"line":306,"column":6}},"79":{"start":{"line":308,"column":4},"end":{"line":308,"column":31}},"80":{"start":{"line":310,"column":23},"end":{"line":313,"column":5}},"81":{"start":{"line":315,"column":4},"end":{"line":315,"column":22}},"82":{"start":{"line":317,"column":4},"end":{"line":317,"column":33}},"83":{"start":{"line":318,"column":4},"end":{"line":318,"column":14}},"84":{"start":{"line":322,"column":21},"end":{"line":335,"column":1}},"85":{"start":{"line":323,"column":2},"end":{"line":334,"column":3}},"86":{"start":{"line":325,"column":6},"end":{"line":325,"column":34}},"87":{"start":{"line":327,"column":6},"end":{"line":327,"column":42}},"88":{"start":{"line":329,"column":6},"end":{"line":329,"column":35}},"89":{"start":{"line":331,"column":6},"end":{"line":331,"column":38}},"90":{"start":{"line":333,"column":6},"end":{"line":333,"column":44}},"91":{"start":{"line":337,"column":28},"end":{"line":346,"column":1}},"92":{"start":{"line":338,"column":21},"end":{"line":338,"column":59}},"93":{"start":{"line":339,"column":20},"end":{"line":339,"column":22}},"94":{"start":{"line":340,"column":2},"end":{"line":344,"column":3}},"95":{"start":{"line":340,"column":15},"end":{"line":340,"column":16}},"96":{"start":{"line":341,"column":4},"end":{"line":343,"column":6}},"97":{"start":{"line":345,"column":2},"end":{"line":345,"column":21}},"98":{"start":{"line":348,"column":0},"end":{"line":348,"column":32}}},"fnMap":{"0":{"name":"(anonymous_0)","decl":{"start":{"line":27,"column":23},"end":{"line":27,"column":24}},"loc":{"start":{"line":27,"column":48},"end":{"line":320,"column":1}},"line":27},"1":{"name":"(anonymous_1)","decl":{"start":{"line":66,"column":33},"end":{"line":66,"column":34}},"loc":{"start":{"line":66,"column":64},"end":{"line":133,"column":5}},"line":66},"2":{"name":"(anonymous_2)","decl":{"start":{"line":322,"column":21},"end":{"line":322,"column":22}},"loc":{"start":{"line":322,"column":44},"end":{"line":335,"column":1}},"line":322},"3":{"name":"(anonymous_3)","decl":{"start":{"line":337,"column":28},"end":{"line":337,"column":29}},"loc":{"start":{"line":337,"column":34},"end":{"line":346,"column":1}},"line":337}},"branchMap":{"0":{"loc":{"start":{"line":32,"column":4},"end":{"line":34,"column":5}},"type":"if","locations":[{"start":{"line":32,"column":4},"end":{"line":34,"column":5}},{"start":{},"end":{}}],"line":32},"1":{"loc":{"start":{"line":36,"column":4},"end":{"line":41,"column":5}},"type":"if","locations":[{"start":{"line":36,"column":4},"end":{"line":41,"column":5}},{"start":{},"end":{}}],"line":36},"2":{"loc":{"start":{"line":38,"column":6},"end":{"line":40,"column":7}},"type":"if","locations":[{"start":{"line":38,"column":6},"end":{"line":40,"column":7}},{"start":{},"end":{}}],"line":38},"3":{"loc":{"start":{"line":50,"column":26},"end":{"line":50,"column":56}},"type":"binary-expr","locations":[{"start":{"line":50,"column":26},"end":{"line":50,"column":48}},{"start":{"line":50,"column":52},"end":{"line":50,"column":56}}],"line":50},"4":{"loc":{"start":{"line":71,"column":6},"end":{"line":73,"column":7}},"type":"if","locations":[{"start":{"line":71,"column":6},"end":{"line":73,"column":7}},{"start":{},"end":{}}],"line":71},"5":{"loc":{"start":{"line":85,"column":36},"end":{"line":85,"column":68}},"type":"binary-expr","locations":[{"start":{"line":85,"column":36},"end":{"line":85,"column":60}},{"start":{"line":85,"column":64},"end":{"line":85,"column":68}}],"line":85},"6":{"loc":{"start":{"line":86,"column":36},"end":{"line":86,"column":68}},"type":"binary-expr","locations":[{"start":{"line":86,"column":36},"end":{"line":86,"column":60}},{"start":{"line":86,"column":64},"end":{"line":86,"column":68}}],"line":86},"7":{"loc":{"start":{"line":101,"column":8},"end":{"line":105,"column":9}},"type":"if","locations":[{"start":{"line":101,"column":8},"end":{"line":105,"column":9}},{"start":{},"end":{}}],"line":101},"8":{"loc":{"start":{"line":143,"column":4},"end":{"line":150,"column":5}},"type":"if","locations":[{"start":{"line":143,"column":4},"end":{"line":150,"column":5}},{"start":{},"end":{}}],"line":143},"9":{"loc":{"start":{"line":153,"column":4},"end":{"line":176,"column":5}},"type":"if","locations":[{"start":{"line":153,"column":4},"end":{"line":176,"column":5}},{"start":{},"end":{}}],"line":153},"10":{"loc":{"start":{"line":158,"column":6},"end":{"line":175,"column":7}},"type":"if","locations":[{"start":{"line":158,"column":6},"end":{"line":175,"column":7}},{"start":{},"end":{}}],"line":158},"11":{"loc":{"start":{"line":159,"column":8},"end":{"line":174,"column":9}},"type":"if","locations":[{"start":{"line":159,"column":8},"end":{"line":174,"column":9}},{"start":{"line":172,"column":15},"end":{"line":174,"column":9}}],"line":159},"12":{"loc":{"start":{"line":160,"column":10},"end":{"line":171,"column":11}},"type":"if","locations":[{"start":{"line":160,"column":10},"end":{"line":171,"column":11}},{"start":{"line":169,"column":17},"end":{"line":171,"column":11}}],"line":160},"13":{"loc":{"start":{"line":198,"column":4},"end":{"line":301,"column":5}},"type":"if","locations":[{"start":{"line":198,"column":4},"end":{"line":301,"column":5}},{"start":{"line":226,"column":11},"end":{"line":301,"column":5}}],"line":198},"14":{"loc":{"start":{"line":226,"column":11},"end":{"line":301,"column":5}},"type":"if","locations":[{"start":{"line":226,"column":11},"end":{"line":301,"column":5}},{"start":{"line":238,"column":11},"end":{"line":301,"column":5}}],"line":226},"15":{"loc":{"start":{"line":238,"column":11},"end":{"line":301,"column":5}},"type":"if","locations":[{"start":{"line":238,"column":11},"end":{"line":301,"column":5}},{"start":{"line":258,"column":11},"end":{"line":301,"column":5}}],"line":238},"16":{"loc":{"start":{"line":239,"column":6},"end":{"line":242,"column":33}},"type":"binary-expr","locations":[{"start":{"line":239,"column":6},"end":{"line":239,"column":32}},{"start":{"line":240,"column":6},"end":{"line":240,"column":32}},{"start":{"line":241,"column":6},"end":{"line":241,"column":32}},{"start":{"line":242,"column":6},"end":{"line":242,"column":33}}],"line":239},"17":{"loc":{"start":{"line":258,"column":11},"end":{"line":301,"column":5}},"type":"if","locations":[{"start":{"line":258,"column":11},"end":{"line":301,"column":5}},{"start":{"line":270,"column":11},"end":{"line":301,"column":5}}],"line":258},"18":{"loc":{"start":{"line":270,"column":11},"end":{"line":301,"column":5}},"type":"if","locations":[{"start":{"line":270,"column":11},"end":{"line":301,"column":5}},{"start":{"line":286,"column":11},"end":{"line":301,"column":5}}],"line":270},"19":{"loc":{"start":{"line":286,"column":11},"end":{"line":301,"column":5}},"type":"if","locations":[{"start":{"line":286,"column":11},"end":{"line":301,"column":5}},{"start":{"line":299,"column":11},"end":{"line":301,"column":5}}],"line":286},"20":{"loc":{"start":{"line":323,"column":2},"end":{"line":334,"column":3}},"type":"switch","locations":[{"start":{"line":324,"column":4},"end":{"line":325,"column":34}},{"start":{"line":326,"column":4},"end":{"line":327,"column":42}},{"start":{"line":328,"column":4},"end":{"line":329,"column":35}},{"start":{"line":330,"column":4},"end":{"line":331,"column":38}},{"start":{"line":332,"column":4},"end":{"line":333,"column":44}}],"line":323}},"s":{"0":1,"1":1,"2":1,"3":1,"4":1,"5":1,"6":1,"7":1,"8":0,"9":0,"10":0,"11":0,"12":0,"13":0,"14":0,"15":0,"16":0,"17":0,"18":0,"19":0,"20":0,"21":0,"22":0,"23":0,"24":0,"25":0,"26":0,"27":0,"28":0,"29":0,"30":0,"31":0,"32":0,"33":0,"34":0,"35":0,"36":0,"37":0,"38":0,"39":0,"40":0,"41":0,"42":0,"43":0,"44":0,"45":0,"46":0,"47":0,"48":0,"49":0,"50":0,"51":0,"52":0,"53":0,"54":0,"55":0,"56":0,"57":0,"58":0,"59":0,"60":0,"61":0,"62":0,"63":0,"64":0,"65":0,"66":0,"67":0,"68":0,"69":0,"70":0,"71":0,"72":0,"73":0,"74":0,"75":0,"76":0,"77":0,"78":0,"79":0,"80":0,"81":0,"82":0,"83":0,"84":1,"85":0,"86":0,"87":0,"88":0,"89":0,"90":0,"91":1,"92":0,"93":0,"94":0,"95":0,"96":0,"97":0,"98":1},"f":{"0":0,"1":0,"2":0,"3":0},"b":{"0":[0,0],"1":[0,0],"2":[0,0],"3":[0,0],"4":[0,0],"5":[0,0],"6":[0,0],"7":[0,0],"8":[0,0],"9":[0,0],"10":[0,0],"11":[0,0],"12":[0,0],"13":[0,0],"14":[0,0],"15":[0,0],"16":[0,0,0,0],"17":[0,0],"18":[0,0],"19":[0,0],"20":[0,0,0,0,0]},"_coverageSchema":"1a1c01bbd47fc00a2c39e90264f33305004495a9","hash":"fbb37ecc9f157048f32300a301670e905fd79269"}
,"C:\\Users\\ACER\\Documents\\BinarMsib\\final-project-be-c2\\utils\\seatGenerator.js": {"path":"C:\\Users\\ACER\\Documents\\BinarMsib\\final-project-be-c2\\utils\\seatGenerator.js","statementMap":{"0":{"start":{"line":1,"column":22},"end":{"line":20,"column":1}},"1":{"start":{"line":2,"column":15},"end":{"line":2,"column":45}},"2":{"start":{"line":3,"column":18},"end":{"line":3,"column":61}},"3":{"start":{"line":3,"column":55},"end":{"line":3,"column":60}},"4":{"start":{"line":4,"column":16},"end":{"line":4,"column":18}},"5":{"start":{"line":6,"column":2},"end":{"line":17,"column":5}},"6":{"start":{"line":7,"column":4},"end":{"line":16,"column":7}},"7":{"start":{"line":8,"column":6},"end":{"line":15,"column":9}},"8":{"start":{"line":19,"column":2},"end":{"line":19,"column":15}},"9":{"start":{"line":22,"column":0},"end":{"line":22,"column":31}}},"fnMap":{"0":{"name":"(anonymous_0)","decl":{"start":{"line":1,"column":22},"end":{"line":1,"column":23}},"loc":{"start":{"line":1,"column":37},"end":{"line":20,"column":1}},"line":1},"1":{"name":"(anonymous_1)","decl":{"start":{"line":3,"column":45},"end":{"line":3,"column":46}},"loc":{"start":{"line":3,"column":55},"end":{"line":3,"column":60}},"line":3},"2":{"name":"(anonymous_2)","decl":{"start":{"line":6,"column":15},"end":{"line":6,"column":16}},"loc":{"start":{"line":6,"column":24},"end":{"line":17,"column":3}},"line":6},"3":{"name":"(anonymous_3)","decl":{"start":{"line":7,"column":20},"end":{"line":7,"column":21}},"loc":{"start":{"line":7,"column":32},"end":{"line":16,"column":5}},"line":7}},"branchMap":{},"s":{"0":1,"1":0,"2":0,"3":0,"4":0,"5":0,"6":0,"7":0,"8":0,"9":1},"f":{"0":0,"1":0,"2":0,"3":0},"b":{},"_coverageSchema":"1a1c01bbd47fc00a2c39e90264f33305004495a9","hash":"4f84df56633bac19aced83df879ffaf5ce8cad4c"}
,"C:\\Users\\ACER\\Documents\\BinarMsib\\final-project-be-c2\\utils\\sendEmail.js": {"path":"C:\\Users\\ACER\\Documents\\BinarMsib\\final-project-be-c2\\utils\\sendEmail.js","statementMap":{"0":{"start":{"line":1,"column":19},"end":{"line":1,"column":40}},"1":{"start":{"line":3,"column":18},"end":{"line":32,"column":1}},"2":{"start":{"line":9,"column":22},"end":{"line":18,"column":4}},"3":{"start":{"line":20,"column":22},"end":{"line":29,"column":3}},"4":{"start":{"line":31,"column":2},"end":{"line":31,"column":49}},"5":{"start":{"line":34,"column":0},"end":{"line":34,"column":27}}},"fnMap":{"0":{"name":"(anonymous_0)","decl":{"start":{"line":3,"column":18},"end":{"line":3,"column":19}},"loc":{"start":{"line":8,"column":5},"end":{"line":32,"column":1}},"line":8}},"branchMap":{},"s":{"0":1,"1":1,"2":1,"3":1,"4":1,"5":1},"f":{"0":1},"b":{},"_coverageSchema":"1a1c01bbd47fc00a2c39e90264f33305004495a9","hash":"a7f1e8a99448cabaaa6bf8a7e834e4e60e7e7c51"}
}
