TN:
SF:app.js
FN:17,(anonymous_0)
FNF:1
FNH:1
FNDA:6,(anonymous_0)
DA:1,1
DA:2,1
DA:3,1
DA:5,1
DA:6,1
DA:7,1
DA:9,1
DA:12,1
DA:13,1
DA:14,1
DA:15,1
DA:17,1
DA:18,6
DA:19,6
DA:22,1
DA:24,1
DA:25,1
DA:27,1
LF:18
LH:18
BRF:0
BRH:0
end_of_record
TN:
SF:config\database.js
FNF:0
FNH:0
DA:1,1
DA:3,1
LF:2
LH:2
BRF:0
BRH:0
end_of_record
TN:
SF:controllers\airlineController.js
FN:5,(anonymous_0)
FN:25,(anonymous_1)
FN:40,(anonymous_2)
FN:58,(anonymous_3)
FN:96,(anonymous_4)
FN:159,(anonymous_5)
FNF:6
FNH:0
FNDA:0,(anonymous_0)
FNDA:0,(anonymous_1)
FNDA:0,(anonymous_2)
FNDA:0,(anonymous_3)
FNDA:0,(anonymous_4)
FNDA:0,(anonymous_5)
DA:1,1
DA:2,1
DA:3,1
DA:5,1
DA:6,0
DA:7,0
DA:8,0
DA:11,0
DA:16,0
DA:17,0
DA:19,0
DA:21,0
DA:25,1
DA:26,0
DA:27,0
DA:29,0
DA:36,0
DA:40,1
DA:41,0
DA:42,0
DA:43,0
DA:44,0
DA:45,0
DA:47,0
DA:54,0
DA:58,1
DA:59,0
DA:60,0
DA:61,0
DA:63,0
DA:64,0
DA:67,0
DA:68,0
DA:72,0
DA:73,0
DA:76,0
DA:81,0
DA:83,0
DA:89,0
DA:96,1
DA:97,0
DA:98,0
DA:99,0
DA:100,0
DA:102,0
DA:103,0
DA:106,0
DA:108,0
DA:109,0
DA:112,0
DA:113,0
DA:115,0
DA:127,0
DA:139,0
DA:145,0
DA:152,0
DA:159,1
DA:160,0
DA:161,0
DA:163,0
DA:164,0
DA:167,0
DA:172,0
DA:178,0
DA:181,1
LF:65
LH:10
BRDA:16,0,0,0
BRDA:16,0,1,0
BRDA:44,1,0,0
BRDA:44,1,1,0
BRDA:63,2,0,0
BRDA:63,2,1,0
BRDA:63,3,0,0
BRDA:63,3,1,0
BRDA:63,3,2,0
BRDA:67,4,0,0
BRDA:67,4,1,0
BRDA:72,5,0,0
BRDA:72,5,1,0
BRDA:102,6,0,0
BRDA:102,6,1,0
BRDA:106,7,0,0
BRDA:106,7,1,0
BRDA:108,8,0,0
BRDA:108,8,1,0
BRDA:108,9,0,0
BRDA:108,9,1,0
BRDA:108,9,2,0
BRDA:112,10,0,0
BRDA:112,10,1,0
BRDA:163,11,0,0
BRDA:163,11,1,0
BRF:26
BRH:0
end_of_record
TN:
SF:controllers\airportController.js
FN:5,(anonymous_0)
FN:25,(anonymous_1)
FN:76,(anonymous_2)
FN:102,(anonymous_3)
FN:172,(anonymous_4)
FN:200,(anonymous_5)
FNF:6
FNH:0
FNDA:0,(anonymous_0)
FNDA:0,(anonymous_1)
FNDA:0,(anonymous_2)
FNDA:0,(anonymous_3)
FNDA:0,(anonymous_4)
FNDA:0,(anonymous_5)
DA:1,1
DA:2,1
DA:3,1
DA:5,1
DA:6,0
DA:7,0
DA:8,0
DA:11,0
DA:16,0
DA:17,0
DA:19,0
DA:21,0
DA:25,1
DA:26,0
DA:28,0
DA:30,0
DA:33,0
DA:36,0
DA:39,0
DA:42,0
DA:44,0
DA:45,0
DA:46,0
DA:48,0
DA:49,0
DA:55,0
DA:57,0
DA:72,0
DA:76,1
DA:77,0
DA:78,0
DA:79,0
DA:85,0
DA:86,0
DA:89,0
DA:98,0
DA:102,1
DA:103,0
DA:105,0
DA:107,0
DA:109,0
DA:114,0
DA:115,0
DA:118,0
DA:120,0
DA:121,0
DA:123,0
DA:138,0
DA:153,0
DA:159,0
DA:168,0
DA:172,1
DA:173,0
DA:174,0
DA:175,0
DA:181,0
DA:182,0
DA:184,0
DA:190,0
DA:196,0
DA:200,1
DA:202,0
DA:204,0
DA:205,0
DA:207,0
DA:208,0
DA:212,0
DA:213,0
DA:216,0
DA:224,0
DA:233,0
DA:237,1
LF:72
LH:10
BRDA:16,0,0,0
BRDA:16,0,1,0
BRDA:33,1,0,0
BRDA:33,1,1,0
BRDA:36,2,0,0
BRDA:36,2,1,0
BRDA:39,3,0,0
BRDA:39,3,1,0
BRDA:42,4,0,0
BRDA:42,4,1,0
BRDA:44,5,0,0
BRDA:44,5,1,0
BRDA:45,6,0,0
BRDA:45,6,1,0
BRDA:85,7,0,0
BRDA:85,7,1,0
BRDA:114,8,0,0
BRDA:114,8,1,0
BRDA:118,9,0,0
BRDA:118,9,1,0
BRDA:120,10,0,0
BRDA:120,10,1,0
BRDA:181,11,0,0
BRDA:181,11,1,0
BRDA:207,12,0,0
BRDA:207,12,1,0
BRDA:212,13,0,0
BRDA:212,13,1,0
BRF:28
BRH:0
end_of_record
TN:
SF:controllers\authController.js
FN:11,(anonymous_0)
FN:169,(anonymous_1)
FN:233,(anonymous_2)
FNF:3
FNH:1
FNDA:6,(anonymous_0)
FNDA:0,(anonymous_1)
FNDA:0,(anonymous_2)
DA:1,1
DA:2,1
DA:3,1
DA:4,1
DA:5,1
DA:6,1
DA:7,1
DA:8,1
DA:9,1
DA:11,1
DA:12,6
DA:14,6
DA:17,6
DA:19,6
DA:20,1
DA:22,6
DA:23,1
DA:25,6
DA:26,1
DA:28,6
DA:29,0
DA:31,6
DA:36,0
DA:39,6
DA:40,3
DA:46,3
DA:47,0
DA:51,3
DA:52,1
DA:58,2
DA:59,1
DA:65,1
DA:71,1
DA:72,0
DA:76,1
DA:82,1
DA:83,0
DA:87,1
DA:88,1
DA:90,1
DA:92,1
DA:93,1
DA:94,1
DA:96,1
DA:107,1
DA:108,0
DA:113,1
DA:114,1
DA:115,1
DA:128,1
DA:145,1
DA:147,1
DA:148,0
DA:153,1
DA:165,0
DA:169,1
DA:170,0
DA:171,0
DA:174,0
DA:175,0
DA:179,0
DA:180,0
DA:188,0
DA:189,0
DA:192,0
DA:194,0
DA:195,0
DA:196,0
DA:197,0
DA:200,0
DA:204,0
DA:205,0
DA:206,0
DA:211,0
DA:218,0
DA:220,0
DA:226,0
DA:229,0
DA:233,1
DA:234,0
DA:235,0
DA:244,0
DA:248,1
LF:83
LH:50
BRDA:19,0,0,1
BRDA:19,0,1,5
BRDA:19,1,0,6
BRDA:19,1,1,5
BRDA:19,1,2,5
BRDA:22,2,0,1
BRDA:22,2,1,5
BRDA:22,3,0,6
BRDA:22,3,1,5
BRDA:22,3,2,5
BRDA:25,4,0,1
BRDA:25,4,1,5
BRDA:25,5,0,6
BRDA:25,5,1,5
BRDA:25,5,2,5
BRDA:28,6,0,0
BRDA:28,6,1,6
BRDA:28,7,0,6
BRDA:28,7,1,6
BRDA:28,7,2,6
BRDA:31,8,0,0
BRDA:31,8,1,6
BRDA:32,9,0,6
BRDA:32,9,1,6
BRDA:32,9,2,6
BRDA:39,10,0,3
BRDA:39,10,1,3
BRDA:46,11,0,0
BRDA:46,11,1,3
BRDA:51,12,0,1
BRDA:51,12,1,2
BRDA:58,13,0,1
BRDA:58,13,1,1
BRDA:71,14,0,0
BRDA:71,14,1,1
BRDA:82,15,0,0
BRDA:82,15,1,1
BRDA:107,16,0,0
BRDA:107,16,1,1
BRDA:147,17,0,0
BRDA:147,17,1,1
BRDA:174,18,0,0
BRDA:174,18,1,0
BRDA:174,19,0,0
BRDA:174,19,1,0
BRDA:179,20,0,0
BRDA:179,20,1,0
BRDA:179,21,0,0
BRDA:179,21,1,0
BRDA:188,22,0,0
BRDA:188,22,1,0
BRDA:188,23,0,0
BRDA:188,23,1,0
BRDA:188,23,2,0
BRDA:194,24,0,0
BRDA:194,24,1,0
BRDA:196,25,0,0
BRDA:196,25,1,0
BRDA:204,26,0,0
BRDA:204,26,1,0
BRDA:204,27,0,0
BRDA:204,27,1,0
BRDA:205,28,0,0
BRDA:205,28,1,0
BRF:64
BRH:34
end_of_record
TN:
SF:controllers\bookingController.js
FN:15,(anonymous_0)
FN:169,(anonymous_1)
FN:177,(anonymous_2)
FN:192,(anonymous_3)
FN:216,(anonymous_4)
FN:245,(anonymous_5)
FN:284,(anonymous_6)
FN:343,(anonymous_7)
FN:408,(anonymous_8)
FNF:9
FNH:0
FNDA:0,(anonymous_0)
FNDA:0,(anonymous_1)
FNDA:0,(anonymous_2)
FNDA:0,(anonymous_3)
FNDA:0,(anonymous_4)
FNDA:0,(anonymous_5)
FNDA:0,(anonymous_6)
FNDA:0,(anonymous_7)
FNDA:0,(anonymous_8)
DA:1,1
DA:2,1
DA:11,1
DA:12,1
DA:13,1
DA:15,1
DA:16,0
DA:17,0
DA:19,0
DA:20,0
DA:23,0
DA:25,0
DA:26,0
DA:27,0
DA:28,0
DA:29,0
DA:30,0
DA:31,0
DA:32,0
DA:36,0
DA:37,0
DA:38,0
DA:39,0
DA:40,0
DA:41,0
DA:42,0
DA:46,0
DA:47,0
DA:48,0
DA:50,0
DA:52,0
DA:165,0
DA:166,0
DA:169,0
DA:170,0
DA:171,0
DA:172,0
DA:173,0
DA:174,0
DA:177,0
DA:178,0
DA:179,0
DA:180,0
DA:181,0
DA:182,0
DA:183,0
DA:184,0
DA:185,0
DA:186,0
DA:188,0
DA:191,0
DA:192,0
DA:194,0
DA:196,0
DA:197,0
DA:212,0
DA:216,1
DA:217,0
DA:218,0
DA:220,0
DA:221,0
DA:224,0
DA:226,0
DA:228,0
DA:235,0
DA:241,0
DA:245,1
DA:246,0
DA:247,0
DA:249,0
DA:251,0
DA:252,0
DA:257,0
DA:268,0
DA:269,0
DA:272,0
DA:278,0
DA:284,0
DA:287,0
DA:296,0
DA:303,0
DA:308,0
DA:316,0
DA:327,0
DA:328,0
DA:331,0
DA:337,0
DA:343,0
DA:346,0
DA:355,0
DA:356,0
DA:362,0
DA:363,0
DA:369,0
DA:370,0
DA:376,0
DA:377,0
DA:385,0
DA:390,0
DA:393,0
DA:399,0
DA:403,0
DA:404,0
DA:408,1
DA:409,0
DA:410,0
DA:412,0
DA:418,0
DA:419,0
DA:422,0
DA:426,0
DA:435,0
DA:437,0
DA:446,0
DA:450,1
LF:115
LH:10
BRDA:19,0,0,0
BRDA:19,0,1,0
BRDA:27,1,0,0
BRDA:27,1,1,0
BRDA:28,2,0,0
BRDA:28,2,1,0
BRDA:29,3,0,0
BRDA:29,3,1,0
BRDA:31,4,0,0
BRDA:31,4,1,0
BRDA:37,5,0,0
BRDA:37,5,1,0
BRDA:38,6,0,0
BRDA:38,6,1,0
BRDA:39,7,0,0
BRDA:39,7,1,0
BRDA:41,8,0,0
BRDA:41,8,1,0
BRDA:46,9,0,0
BRDA:46,9,1,0
BRDA:47,10,0,0
BRDA:47,10,1,0
BRDA:165,11,0,0
BRDA:165,11,1,0
BRDA:179,12,0,0
BRDA:179,12,1,0
BRDA:220,13,0,0
BRDA:220,13,1,0
BRDA:251,14,0,0
BRDA:251,14,1,0
BRDA:252,15,0,0
BRDA:252,15,1,0
BRDA:253,16,0,0
BRDA:253,16,1,0
BRDA:268,17,0,0
BRDA:268,17,1,0
BRDA:308,18,0,0
BRDA:308,18,1,0
BRDA:309,19,0,0
BRDA:309,19,1,0
BRDA:309,19,2,0
BRDA:309,19,3,0
BRDA:309,19,4,0
BRDA:327,20,0,0
BRDA:327,20,1,0
BRDA:355,21,0,0
BRDA:355,21,1,0
BRDA:362,22,0,0
BRDA:362,22,1,0
BRDA:369,23,0,0
BRDA:369,23,1,0
BRDA:376,24,0,0
BRDA:376,24,1,0
BRDA:390,25,0,0
BRDA:390,25,1,0
BRDA:418,26,0,0
BRDA:418,26,1,0
BRF:57
BRH:0
end_of_record
TN:
SF:controllers\discountController.js
FN:4,(anonymous_0)
FN:19,(anonymous_1)
FN:38,(anonymous_2)
FN:63,(anonymous_3)
FN:109,(anonymous_4)
FNF:5
FNH:0
FNDA:0,(anonymous_0)
FNDA:0,(anonymous_1)
FNDA:0,(anonymous_2)
FNDA:0,(anonymous_3)
FNDA:0,(anonymous_4)
DA:1,1
DA:2,1
DA:4,1
DA:5,0
DA:6,0
DA:8,0
DA:15,0
DA:19,1
DA:20,0
DA:21,0
DA:22,0
DA:24,0
DA:25,0
DA:27,0
DA:34,0
DA:38,1
DA:39,0
DA:40,0
DA:42,0
DA:48,0
DA:50,0
DA:56,0
DA:63,1
DA:64,0
DA:66,0
DA:67,0
DA:69,0
DA:75,0
DA:76,0
DA:79,0
DA:92,0
DA:98,0
DA:105,0
DA:109,1
DA:110,0
DA:111,0
DA:112,0
DA:118,0
DA:119,0
DA:122,0
DA:127,0
DA:133,0
DA:137,1
LF:43
LH:8
BRDA:24,0,0,0
BRDA:24,0,1,0
BRDA:75,1,0,0
BRDA:75,1,1,0
BRDA:118,2,0,0
BRDA:118,2,1,0
BRF:6
BRH:0
end_of_record
TN:
SF:controllers\errorController.js
FN:4,(anonymous_0)
FN:16,(anonymous_1)
FNF:2
FNH:1
FNDA:5,(anonymous_0)
FNDA:0,(anonymous_1)
DA:1,1
DA:3,1
DA:5,5
DA:6,5
DA:7,5
DA:9,5
DA:17,0
LF:7
LH:6
BRDA:5,0,0,5
BRDA:5,0,1,0
BRF:2
BRH:1
end_of_record
TN:
SF:controllers\flightController.js
FN:6,(anonymous_0)
FN:157,(anonymous_1)
FN:183,(anonymous_2)
FN:250,(anonymous_3)
FN:278,(anonymous_4)
FNF:5
FNH:0
FNDA:0,(anonymous_0)
FNDA:0,(anonymous_1)
FNDA:0,(anonymous_2)
FNDA:0,(anonymous_3)
FNDA:0,(anonymous_4)
DA:1,1
DA:2,1
DA:3,1
DA:4,1
DA:6,1
DA:7,0
DA:8,0
DA:10,0
DA:13,0
DA:14,0
DA:15,0
DA:16,0
DA:17,0
DA:19,0
DA:25,0
DA:26,0
DA:29,0
DA:30,0
DA:31,0
DA:32,0
DA:33,0
DA:34,0
DA:35,0
DA:36,0
DA:37,0
DA:38,0
DA:39,0
DA:40,0
DA:41,0
DA:45,0
DA:46,0
DA:47,0
DA:49,0
DA:82,0
DA:136,0
DA:138,0
DA:153,0
DA:157,1
DA:158,0
DA:159,0
DA:160,0
DA:166,0
DA:167,0
DA:170,0
DA:179,0
DA:183,1
DA:198,0
DA:199,0
DA:200,0
DA:201,0
DA:206,0
DA:207,0
DA:209,0
DA:231,0
DA:237,0
DA:246,0
DA:250,1
DA:251,0
DA:252,0
DA:253,0
DA:259,0
DA:260,0
DA:262,0
DA:268,0
DA:274,0
DA:278,1
DA:292,0
DA:294,0
DA:295,0
DA:311,0
DA:313,0
DA:322,0
DA:326,1
LF:73
LH:10
BRDA:13,0,0,0
BRDA:13,0,1,0
BRDA:25,1,0,0
BRDA:25,1,1,0
BRDA:30,2,0,0
BRDA:30,2,1,0
BRDA:31,3,0,0
BRDA:31,3,1,0
BRDA:32,4,0,0
BRDA:32,4,1,0
BRDA:34,5,0,0
BRDA:34,5,1,0
BRDA:36,6,0,0
BRDA:36,6,1,0
BRDA:38,7,0,0
BRDA:38,7,1,0
BRDA:40,8,0,0
BRDA:40,8,1,0
BRDA:45,9,0,0
BRDA:45,9,1,0
BRDA:46,10,0,0
BRDA:46,10,1,0
BRDA:166,11,0,0
BRDA:166,11,1,0
BRDA:206,12,0,0
BRDA:206,12,1,0
BRDA:259,13,0,0
BRDA:259,13,1,0
BRF:28
BRH:0
end_of_record
TN:
SF:controllers\notificationsController.js
FN:5,(anonymous_0)
FN:72,(anonymous_1)
FN:100,(anonymous_2)
FN:130,(anonymous_3)
FN:166,(anonymous_4)
FNF:5
FNH:0
FNDA:0,(anonymous_0)
FNDA:0,(anonymous_1)
FNDA:0,(anonymous_2)
FNDA:0,(anonymous_3)
FNDA:0,(anonymous_4)
DA:1,1
DA:2,1
DA:3,1
DA:5,1
DA:6,0
DA:7,0
DA:16,0
DA:18,0
DA:23,0
DA:24,0
DA:27,0
DA:28,0
DA:31,0
DA:32,0
DA:37,0
DA:39,0
DA:40,0
DA:41,0
DA:43,0
DA:44,0
DA:51,0
DA:53,0
DA:68,0
DA:72,1
DA:73,0
DA:74,0
DA:76,0
DA:82,0
DA:83,0
DA:87,0
DA:96,0
DA:100,1
DA:106,0
DA:108,0
DA:109,0
DA:116,0
DA:126,0
DA:130,1
DA:131,0
DA:137,0
DA:139,0
DA:140,0
DA:142,0
DA:143,0
DA:146,0
DA:153,0
DA:162,0
DA:166,1
DA:167,0
DA:169,0
DA:170,0
DA:172,0
DA:173,0
DA:176,0
DA:178,0
DA:184,0
DA:188,1
LF:57
LH:9
BRDA:23,0,0,0
BRDA:23,0,1,0
BRDA:27,1,0,0
BRDA:27,1,1,0
BRDA:31,2,0,0
BRDA:31,2,1,0
BRDA:37,3,0,0
BRDA:37,3,1,0
BRDA:39,4,0,0
BRDA:39,4,1,0
BRDA:40,5,0,0
BRDA:40,5,1,0
BRDA:82,6,0,0
BRDA:82,6,1,0
BRDA:142,7,0,0
BRDA:142,7,1,0
BRDA:172,8,0,0
BRDA:172,8,1,0
BRF:18
BRH:0
end_of_record
TN:
SF:controllers\passengersController.js
FN:4,(anonymous_0)
FN:20,(anonymous_1)
FN:48,(anonymous_2)
FN:85,(anonymous_3)
FN:155,(anonymous_4)
FNF:5
FNH:0
FNDA:0,(anonymous_0)
FNDA:0,(anonymous_1)
FNDA:0,(anonymous_2)
FNDA:0,(anonymous_3)
FNDA:0,(anonymous_4)
DA:1,1
DA:2,1
DA:4,1
DA:5,0
DA:6,0
DA:7,0
DA:16,0
DA:20,1
DA:21,0
DA:22,0
DA:24,0
DA:30,0
DA:31,0
DA:35,0
DA:44,0
DA:48,1
DA:49,0
DA:60,0
DA:62,0
DA:74,0
DA:81,0
DA:85,1
DA:96,0
DA:98,0
DA:99,0
DA:101,0
DA:107,0
DA:108,0
DA:113,0
DA:132,0
DA:133,0
DA:138,0
DA:144,0
DA:151,0
DA:155,1
DA:156,0
DA:157,0
DA:159,0
DA:165,0
DA:166,0
DA:171,0
DA:177,0
DA:183,0
DA:187,1
LF:44
LH:8
BRDA:30,0,0,0
BRDA:30,0,1,0
BRDA:107,1,0,0
BRDA:107,1,1,0
BRDA:132,2,0,0
BRDA:132,2,1,0
BRDA:165,3,0,0
BRDA:165,3,1,0
BRF:8
BRH:0
end_of_record
TN:
SF:controllers\resetPasswordController.js
FN:10,(anonymous_0)
FN:133,(anonymous_1)
FN:269,(anonymous_2)
FNF:3
FNH:0
FNDA:0,(anonymous_0)
FNDA:0,(anonymous_1)
FNDA:0,(anonymous_2)
DA:1,1
DA:2,1
DA:3,1
DA:4,1
DA:5,1
DA:6,1
DA:8,1
DA:10,1
DA:11,0
DA:12,0
DA:14,0
DA:15,0
DA:18,0
DA:24,0
DA:25,0
DA:28,0
DA:29,0
DA:34,0
DA:45,0
DA:53,0
DA:55,0
DA:56,0
DA:57,0
DA:59,0
DA:73,0
DA:74,0
DA:79,0
DA:80,0
DA:81,0
DA:94,0
DA:111,0
DA:113,0
DA:114,0
DA:117,0
DA:129,0
DA:133,1
DA:134,0
DA:135,0
DA:137,0
DA:138,0
DA:141,0
DA:147,0
DA:148,0
DA:151,0
DA:152,0
DA:157,0
DA:168,0
DA:172,0
DA:176,0
DA:177,0
DA:178,0
DA:187,0
DA:189,0
DA:190,0
DA:191,0
DA:193,0
DA:207,0
DA:208,0
DA:213,0
DA:214,0
DA:215,0
DA:228,0
DA:245,0
DA:247,0
DA:248,0
DA:253,0
DA:265,0
DA:269,1
DA:270,0
DA:271,0
DA:274,0
DA:276,0
DA:277,0
DA:279,0
DA:280,0
DA:282,0
DA:283,0
DA:285,0
DA:290,0
DA:293,0
DA:294,0
DA:299,0
DA:305,0
DA:306,0
DA:311,0
DA:322,0
DA:326,0
DA:327,0
DA:336,0
DA:337,0
DA:340,0
DA:342,0
DA:343,0
DA:348,0
DA:349,0
DA:350,0
DA:352,0
DA:367,0
DA:368,0
DA:373,0
DA:379,0
DA:382,0
DA:385,0
DA:389,1
LF:104
LH:11
BRDA:14,0,0,0
BRDA:14,0,1,0
BRDA:14,1,0,0
BRDA:14,1,1,0
BRDA:14,1,2,0
BRDA:24,2,0,0
BRDA:24,2,1,0
BRDA:28,3,0,0
BRDA:28,3,1,0
BRDA:34,4,0,0
BRDA:34,4,1,0
BRDA:35,5,0,0
BRDA:35,5,1,0
BRDA:35,5,2,0
BRDA:35,5,3,0
BRDA:35,5,4,0
BRDA:35,5,5,0
BRDA:35,5,6,0
BRDA:35,5,7,0
BRDA:35,5,8,0
BRDA:73,6,0,0
BRDA:73,6,1,0
BRDA:113,7,0,0
BRDA:113,7,1,0
BRDA:137,8,0,0
BRDA:137,8,1,0
BRDA:137,9,0,0
BRDA:137,9,1,0
BRDA:137,9,2,0
BRDA:147,10,0,0
BRDA:147,10,1,0
BRDA:151,11,0,0
BRDA:151,11,1,0
BRDA:157,12,0,0
BRDA:157,12,1,0
BRDA:158,13,0,0
BRDA:158,13,1,0
BRDA:158,13,2,0
BRDA:158,13,3,0
BRDA:158,13,4,0
BRDA:158,13,5,0
BRDA:158,13,6,0
BRDA:158,13,7,0
BRDA:158,13,8,0
BRDA:172,14,0,0
BRDA:172,14,1,0
BRDA:173,15,0,0
BRDA:173,15,1,0
BRDA:176,16,0,0
BRDA:176,16,1,0
BRDA:207,17,0,0
BRDA:207,17,1,0
BRDA:247,18,0,0
BRDA:247,18,1,0
BRDA:276,19,0,0
BRDA:276,19,1,0
BRDA:276,20,0,0
BRDA:276,20,1,0
BRDA:276,20,2,0
BRDA:279,21,0,0
BRDA:279,21,1,0
BRDA:279,22,0,0
BRDA:279,22,1,0
BRDA:279,22,2,0
BRDA:282,23,0,0
BRDA:282,23,1,0
BRDA:282,24,0,0
BRDA:282,24,1,0
BRDA:282,24,2,0
BRDA:285,25,0,0
BRDA:285,25,1,0
BRDA:286,26,0,0
BRDA:286,26,1,0
BRDA:286,26,2,0
BRDA:293,27,0,0
BRDA:293,27,1,0
BRDA:305,28,0,0
BRDA:305,28,1,0
BRDA:311,29,0,0
BRDA:311,29,1,0
BRDA:312,30,0,0
BRDA:312,30,1,0
BRDA:312,30,2,0
BRDA:312,30,3,0
BRDA:312,30,4,0
BRDA:312,30,5,0
BRDA:312,30,6,0
BRDA:312,30,7,0
BRDA:312,30,8,0
BRDA:326,31,0,0
BRDA:326,31,1,0
BRDA:336,32,0,0
BRDA:336,32,1,0
BRDA:336,33,0,0
BRDA:336,33,1,0
BRDA:336,33,2,0
BRDA:340,34,0,0
BRDA:340,34,1,0
BRDA:342,35,0,0
BRDA:342,35,1,0
BRDA:348,36,0,0
BRDA:348,36,1,0
BRDA:367,37,0,0
BRDA:367,37,1,0
BRF:104
BRH:0
end_of_record
TN:
SF:controllers\seatsController.js
FN:6,(anonymous_0)
FN:35,(anonymous_1)
FN:72,(anonymous_2)
FN:93,(anonymous_3)
FN:120,(anonymous_4)
FN:147,(anonymous_5)
FN:173,(anonymous_6)
FN:200,(anonymous_7)
FN:228,(anonymous_8)
FN:255,(anonymous_9)
FN:281,(anonymous_10)
FN:326,(anonymous_11)
FN:360,(anonymous_12)
FNF:13
FNH:0
FNDA:0,(anonymous_0)
FNDA:0,(anonymous_1)
FNDA:0,(anonymous_2)
FNDA:0,(anonymous_3)
FNDA:0,(anonymous_4)
FNDA:0,(anonymous_5)
FNDA:0,(anonymous_6)
FNDA:0,(anonymous_7)
FNDA:0,(anonymous_8)
FNDA:0,(anonymous_9)
FNDA:0,(anonymous_10)
FNDA:0,(anonymous_11)
FNDA:0,(anonymous_12)
DA:1,1
DA:2,1
DA:3,1
DA:4,1
DA:6,1
DA:7,0
DA:8,0
DA:10,0
DA:13,0
DA:16,0
DA:19,0
DA:22,0
DA:24,0
DA:25,0
DA:26,0
DA:28,0
DA:29,0
DA:35,0
DA:36,0
DA:37,0
DA:51,0
DA:53,0
DA:68,0
DA:72,1
DA:73,0
DA:74,0
DA:76,0
DA:82,0
DA:83,0
DA:86,0
DA:93,0
DA:94,0
DA:95,0
DA:109,0
DA:116,0
DA:120,1
DA:121,0
DA:122,0
DA:124,0
DA:125,0
DA:128,0
DA:130,0
DA:132,0
DA:133,0
DA:136,0
DA:143,0
DA:147,1
DA:148,0
DA:149,0
DA:151,0
DA:152,0
DA:155,0
DA:156,0
DA:159,0
DA:167,0
DA:168,0
DA:173,0
DA:174,0
DA:175,0
DA:189,0
DA:196,0
DA:200,1
DA:201,0
DA:202,0
DA:204,0
DA:205,0
DA:208,0
DA:209,0
DA:212,0
DA:222,0
DA:223,0
DA:228,0
DA:229,0
DA:230,0
DA:244,0
DA:251,0
DA:255,1
DA:256,0
DA:257,0
DA:258,0
DA:264,0
DA:265,0
DA:268,0
DA:277,0
DA:281,1
DA:282,0
DA:283,0
DA:284,0
DA:285,0
DA:290,0
DA:291,0
DA:293,0
DA:307,0
DA:313,0
DA:322,0
DA:326,1
DA:327,0
DA:328,0
DA:330,0
DA:331,0
DA:334,0
DA:340,0
DA:341,0
DA:344,0
DA:350,0
DA:356,0
DA:360,1
DA:361,0
DA:363,0
DA:364,0
DA:372,0
DA:381,0
DA:385,1
LF:113
LH:14
BRDA:13,0,0,0
BRDA:13,0,1,0
BRDA:16,1,0,0
BRDA:16,1,1,0
BRDA:19,2,0,0
BRDA:19,2,1,0
BRDA:22,3,0,0
BRDA:22,3,1,0
BRDA:24,4,0,0
BRDA:24,4,1,0
BRDA:25,5,0,0
BRDA:25,5,1,0
BRDA:36,6,0,0
BRDA:36,6,1,0
BRDA:82,7,0,0
BRDA:82,7,1,0
BRDA:94,8,0,0
BRDA:94,8,1,0
BRDA:124,9,0,0
BRDA:124,9,1,0
BRDA:132,10,0,0
BRDA:132,10,1,0
BRDA:151,11,0,0
BRDA:151,11,1,0
BRDA:151,12,0,0
BRDA:151,12,1,0
BRDA:155,13,0,0
BRDA:155,13,1,0
BRDA:167,14,0,0
BRDA:167,14,1,0
BRDA:174,15,0,0
BRDA:174,15,1,0
BRDA:204,16,0,0
BRDA:204,16,1,0
BRDA:204,17,0,0
BRDA:204,17,1,0
BRDA:208,18,0,0
BRDA:208,18,1,0
BRDA:222,19,0,0
BRDA:222,19,1,0
BRDA:229,20,0,0
BRDA:229,20,1,0
BRDA:264,21,0,0
BRDA:264,21,1,0
BRDA:290,22,0,0
BRDA:290,22,1,0
BRDA:330,23,0,0
BRDA:330,23,1,0
BRDA:340,24,0,0
BRDA:340,24,1,0
BRF:50
BRH:0
end_of_record
TN:
SF:controllers\userActivationController.js
FN:8,(anonymous_0)
FN:141,(anonymous_1)
FNF:2
FNH:0
FNDA:0,(anonymous_0)
FNDA:0,(anonymous_1)
DA:1,1
DA:2,1
DA:3,1
DA:4,1
DA:5,1
DA:6,1
DA:8,1
DA:9,0
DA:10,0
DA:12,0
DA:13,0
DA:16,0
DA:22,0
DA:23,0
DA:26,0
DA:27,0
DA:30,0
DA:41,0
DA:44,0
DA:49,0
DA:50,0
DA:53,0
DA:62,0
DA:64,0
DA:65,0
DA:66,0
DA:68,0
DA:82,0
DA:83,0
DA:88,0
DA:89,0
DA:90,0
DA:103,0
DA:120,0
DA:122,0
DA:123,0
DA:126,0
DA:137,0
DA:141,1
DA:142,0
DA:143,0
DA:146,0
DA:148,0
DA:149,0
DA:151,0
DA:152,0
DA:155,0
DA:156,0
DA:161,0
DA:167,0
DA:168,0
DA:171,0
DA:172,0
DA:175,0
DA:186,0
DA:190,0
DA:191,0
DA:195,0
DA:196,0
DA:199,0
DA:200,0
DA:215,0
DA:216,0
DA:219,0
DA:225,0
DA:228,0
DA:232,1
LF:67
LH:9
BRDA:12,0,0,0
BRDA:12,0,1,0
BRDA:12,1,0,0
BRDA:12,1,1,0
BRDA:12,1,2,0
BRDA:22,2,0,0
BRDA:22,2,1,0
BRDA:26,3,0,0
BRDA:26,3,1,0
BRDA:30,4,0,0
BRDA:30,4,1,0
BRDA:31,5,0,0
BRDA:31,5,1,0
BRDA:31,5,2,0
BRDA:31,5,3,0
BRDA:31,5,4,0
BRDA:31,5,5,0
BRDA:31,5,6,0
BRDA:31,5,7,0
BRDA:31,5,8,0
BRDA:44,6,0,0
BRDA:44,6,1,0
BRDA:45,7,0,0
BRDA:45,7,1,0
BRDA:49,8,0,0
BRDA:49,8,1,0
BRDA:82,9,0,0
BRDA:82,9,1,0
BRDA:122,10,0,0
BRDA:122,10,1,0
BRDA:148,11,0,0
BRDA:148,11,1,0
BRDA:148,12,0,0
BRDA:148,12,1,0
BRDA:148,12,2,0
BRDA:151,13,0,0
BRDA:151,13,1,0
BRDA:151,14,0,0
BRDA:151,14,1,0
BRDA:151,14,2,0
BRDA:155,15,0,0
BRDA:155,15,1,0
BRDA:167,16,0,0
BRDA:167,16,1,0
BRDA:171,17,0,0
BRDA:171,17,1,0
BRDA:175,18,0,0
BRDA:175,18,1,0
BRDA:176,19,0,0
BRDA:176,19,1,0
BRDA:176,19,2,0
BRDA:176,19,3,0
BRDA:176,19,4,0
BRDA:176,19,5,0
BRDA:176,19,6,0
BRDA:176,19,7,0
BRDA:176,19,8,0
BRDA:190,20,0,0
BRDA:190,20,1,0
BRDA:195,21,0,0
BRDA:195,21,1,0
BRDA:195,22,0,0
BRDA:195,22,1,0
BRDA:195,22,2,0
BRDA:199,23,0,0
BRDA:199,23,1,0
BRDA:215,24,0,0
BRDA:215,24,1,0
BRF:68
BRH:0
end_of_record
TN:
SF:controllers\userProfileController.js
FN:4,(anonymous_0)
FN:45,(anonymous_1)
FNF:2
FNH:0
FNDA:0,(anonymous_0)
FNDA:0,(anonymous_1)
DA:1,1
DA:2,1
DA:4,1
DA:5,0
DA:6,0
DA:7,0
DA:11,0
DA:17,0
DA:18,0
DA:21,0
DA:32,0
DA:33,0
DA:36,0
DA:41,0
DA:45,1
DA:46,0
DA:47,0
DA:49,0
DA:55,0
DA:56,0
DA:59,0
DA:65,0
DA:66,0
DA:69,0
DA:74,0
DA:78,1
LF:26
LH:5
BRDA:17,0,0,0
BRDA:17,0,1,0
BRDA:32,1,0,0
BRDA:32,1,1,0
BRDA:55,2,0,0
BRDA:55,2,1,0
BRDA:65,3,0,0
BRDA:65,3,1,0
BRF:8
BRH:0
end_of_record
TN:
SF:middlewares\authenticate.js
FN:5,(anonymous_0)
FNF:1
FNH:0
FNDA:0,(anonymous_0)
DA:1,1
DA:2,1
DA:3,1
DA:5,1
DA:6,0
DA:7,0
DA:9,0
DA:10,0
DA:11,0
DA:14,0
DA:16,0
DA:18,0
DA:26,0
DA:27,0
DA:30,0
DA:31,0
DA:33,0
LF:17
LH:4
BRDA:9,0,0,0
BRDA:9,0,1,0
BRDA:26,1,0,0
BRDA:26,1,1,0
BRF:4
BRH:0
end_of_record
TN:
SF:middlewares\checkSignatureKey.js
FN:4,(anonymous_0)
FNF:1
FNH:0
FNDA:0,(anonymous_0)
DA:1,1
DA:2,1
DA:4,1
DA:5,0
DA:6,0
DA:9,0
DA:10,0
DA:11,0
DA:12,0
DA:14,0
DA:15,0
DA:18,0
DA:20,0
DA:21,0
LF:14
LH:3
BRDA:14,0,0,0
BRDA:14,0,1,0
BRF:2
BRH:0
end_of_record
TN:
SF:models\airlines.js
FN:3,(anonymous_0)
FN:10,(anonymous_1)
FNF:2
FNH:2
FNDA:1,(anonymous_0)
FNDA:1,(anonymous_1)
DA:2,1
DA:3,1
DA:12,1
DA:19,1
DA:38,1
LF:5
LH:5
BRF:0
BRH:0
end_of_record
TN:
SF:models\airports.js
FN:3,(anonymous_0)
FN:10,(anonymous_1)
FNF:2
FNH:2
FNDA:1,(anonymous_0)
FNDA:1,(anonymous_1)
DA:2,1
DA:3,1
DA:12,1
DA:18,1
DA:26,1
DA:64,1
LF:6
LH:6
BRF:0
BRH:0
end_of_record
TN:
SF:models\booking_details.js
FN:3,(anonymous_0)
FN:10,(anonymous_1)
FNF:2
FNH:2
FNDA:1,(anonymous_0)
FNDA:1,(anonymous_1)
DA:2,1
DA:3,1
DA:12,1
DA:18,1
DA:23,1
DA:30,1
DA:56,1
LF:7
LH:7
BRF:0
BRH:0
end_of_record
TN:
SF:models\bookings.js
FN:3,(anonymous_0)
FN:10,(anonymous_1)
FNF:2
FNH:2
FNDA:1,(anonymous_0)
FNDA:1,(anonymous_1)
DA:2,1
DA:3,1
DA:12,1
DA:18,1
DA:24,1
DA:29,1
DA:35,1
DA:43,1
DA:122,1
LF:9
LH:9
BRF:0
BRH:0
end_of_record
TN:
SF:models\discounts.js
FN:3,(anonymous_0)
FN:10,(anonymous_1)
FNF:2
FNH:2
FNDA:1,(anonymous_0)
FNDA:1,(anonymous_1)
DA:2,1
DA:3,1
DA:12,1
DA:19,1
DA:41,1
LF:5
LH:5
BRF:0
BRH:0
end_of_record
TN:
SF:models\flights.js
FN:3,(anonymous_0)
FN:10,(anonymous_1)
FNF:2
FNH:2
FNDA:1,(anonymous_0)
FNDA:1,(anonymous_1)
DA:2,1
DA:3,1
DA:12,1
DA:18,1
DA:24,1
DA:31,1
DA:36,1
DA:41,1
DA:48,1
DA:106,1
LF:10
LH:10
BRF:0
BRH:0
end_of_record
TN:
SF:models\index.js
FN:25,(anonymous_0)
FN:33,(anonymous_1)
FN:41,(anonymous_2)
FNF:3
FNH:3
FNDA:11,(anonymous_0)
FNDA:10,(anonymous_1)
FNDA:10,(anonymous_2)
DA:3,1
DA:4,1
DA:5,1
DA:6,1
DA:7,1
DA:8,1
DA:9,1
DA:10,1
DA:13,1
DA:14,0
DA:16,1
DA:24,1
DA:26,11
DA:34,10
DA:38,10
DA:41,1
DA:42,10
DA:43,10
DA:47,1
DA:48,1
DA:50,1
LF:21
LH:20
BRDA:8,0,0,1
BRDA:8,0,1,0
BRDA:13,1,0,0
BRDA:13,1,1,1
BRDA:27,2,0,11
BRDA:27,2,1,11
BRDA:27,2,2,10
BRDA:27,2,3,10
BRDA:42,3,0,10
BRDA:42,3,1,0
BRF:10
BRH:7
end_of_record
TN:
SF:models\notifications.js
FN:3,(anonymous_0)
FN:10,(anonymous_1)
FNF:2
FNH:2
FNDA:1,(anonymous_0)
FNDA:1,(anonymous_1)
DA:2,1
DA:3,1
DA:12,1
DA:19,1
DA:45,1
LF:5
LH:5
BRF:0
BRH:0
end_of_record
TN:
SF:models\passengers.js
FN:3,(anonymous_0)
FN:10,(anonymous_1)
FNF:2
FNH:2
FNDA:1,(anonymous_0)
FNDA:1,(anonymous_1)
DA:2,1
DA:3,1
DA:12,1
DA:19,1
DA:68,1
LF:5
LH:5
BRF:0
BRH:0
end_of_record
TN:
SF:models\seats.js
FN:3,(anonymous_0)
FN:10,(anonymous_1)
FNF:2
FNH:2
FNDA:1,(anonymous_0)
FNDA:1,(anonymous_1)
DA:2,1
DA:3,1
DA:12,1
DA:18,1
DA:25,1
DA:66,1
LF:6
LH:6
BRF:0
BRH:0
end_of_record
TN:
SF:models\users.js
FN:3,(anonymous_0)
FN:10,(anonymous_1)
FNF:2
FNH:2
FNDA:1,(anonymous_0)
FNDA:1,(anonymous_1)
DA:2,1
DA:3,1
DA:12,1
DA:17,1
DA:24,1
DA:80,1
LF:6
LH:6
BRF:0
BRH:0
end_of_record
TN:
SF:routes\airlineRouter.js
FNF:0
FNH:0
DA:1,1
DA:3,1
DA:4,1
DA:6,1
DA:11,1
DA:16,1
DA:17,1
DA:18,1
DA:20,1
LF:9
LH:9
BRF:0
BRH:0
end_of_record
TN:
SF:routes\airportRouter.js
FNF:0
FNH:0
DA:1,1
DA:3,1
DA:4,1
DA:7,1
DA:9,1
DA:11,1
DA:13,1
DA:15,1
DA:17,1
LF:9
LH:9
BRF:0
BRH:0
end_of_record
TN:
SF:routes\authRouter.js
FNF:0
FNH:0
DA:1,1
DA:3,1
DA:4,1
DA:5,1
DA:7,1
DA:9,1
DA:10,1
DA:11,1
DA:13,1
DA:14,1
DA:16,1
DA:17,1
DA:21,1
DA:26,1
LF:14
LH:14
BRF:0
BRH:0
end_of_record
TN:
SF:routes\bookingRouter.js
FNF:0
FNH:0
DA:1,1
DA:3,1
DA:4,1
DA:5,1
DA:7,1
DA:8,1
DA:13,1
DA:18,1
DA:20,1
LF:9
LH:9
BRF:0
BRH:0
end_of_record
TN:
SF:routes\discountRouter.js
FNF:0
FNH:0
DA:1,1
DA:3,1
DA:5,1
DA:6,1
DA:7,1
DA:8,1
DA:9,1
DA:11,1
LF:8
LH:8
BRF:0
BRH:0
end_of_record
TN:
SF:routes\flightRouter.js
FNF:0
FNH:0
DA:1,1
DA:3,1
DA:6,1
DA:8,1
DA:10,1
DA:12,1
DA:14,1
DA:16,1
LF:8
LH:8
BRF:0
BRH:0
end_of_record
TN:
SF:routes\index.js
FNF:0
FNH:0
DA:1,1
DA:2,1
DA:3,1
DA:9,1
DA:10,1
DA:11,1
DA:12,1
DA:13,1
DA:14,1
DA:15,1
DA:16,1
DA:17,1
DA:18,1
DA:25,1
DA:26,1
DA:27,1
DA:28,1
DA:29,1
DA:30,1
DA:31,1
DA:32,1
DA:33,1
DA:34,1
DA:37,1
DA:38,1
DA:40,1
LF:26
LH:26
BRF:0
BRH:0
end_of_record
TN:
SF:routes\notificationRouter.js
FNF:0
FNH:0
DA:1,1
DA:2,1
DA:4,1
DA:7,1
DA:10,1
DA:13,1
DA:16,1
DA:19,1
DA:21,1
LF:9
LH:9
BRF:0
BRH:0
end_of_record
TN:
SF:routes\passengerRouter.js
FNF:0
FNH:0
DA:1,1
DA:2,1
DA:5,1
DA:8,1
DA:11,1
DA:14,1
DA:17,1
DA:19,1
LF:8
LH:8
BRF:0
BRH:0
end_of_record
TN:
SF:routes\seatRouter.js
FNF:0
FNH:0
DA:1,1
DA:3,1
DA:6,1
DA:7,1
DA:9,1
DA:11,1
DA:12,1
DA:13,1
DA:17,1
DA:19,1
DA:21,1
DA:23,1
LF:12
LH:12
BRF:0
BRH:0
end_of_record
TN:
SF:routes\userRouter.js
FNF:0
FNH:0
DA:1,1
DA:3,1
DA:5,1
DA:7,1
DA:8,1
DA:10,1
LF:6
LH:6
BRF:0
BRH:0
end_of_record
TN:
SF:utils\apiError.js
FN:2,(anonymous_0)
FNF:1
FNH:1
FNDA:5,(anonymous_0)
DA:3,5
DA:5,5
DA:6,5
DA:8,5
DA:12,1
LF:5
LH:5
BRDA:6,0,0,5
BRDA:6,0,1,0
BRF:2
BRH:1
end_of_record
TN:
SF:utils\createToken.js
FN:3,createToken
FNF:1
FNH:0
FNDA:0,createToken
DA:1,1
DA:4,0
DA:11,0
DA:16,1
LF:4
LH:2
BRF:0
BRH:0
end_of_record
TN:
SF:utils\imageKit.js
FNF:0
FNH:0
DA:1,1
DA:3,1
DA:9,1
LF:3
LH:3
BRF:0
BRH:0
end_of_record
TN:
SF:utils\multerConfig.js
FN:3,(anonymous_0)
FNF:1
FNH:0
FNDA:0,(anonymous_0)
DA:1,1
DA:3,1
DA:4,0
DA:9,0
DA:11,0
DA:17,1
DA:21,1
LF:7
LH:4
BRDA:4,0,0,0
BRDA:4,0,1,0
BRDA:5,1,0,0
BRDA:5,1,1,0
BRDA:5,1,2,0
BRF:5
BRH:0
end_of_record
TN:
SF:utils\processBooking.js
FN:27,(anonymous_0)
FN:66,(anonymous_1)
FN:322,(anonymous_2)
FN:337,(anonymous_3)
FNF:4
FNH:0
FNDA:0,(anonymous_0)
FNDA:0,(anonymous_1)
FNDA:0,(anonymous_2)
FNDA:0,(anonymous_3)
DA:1,1
DA:2,1
DA:3,1
DA:4,1
DA:14,1
DA:16,1
DA:22,1
DA:27,1
DA:28,0
DA:29,0
DA:31,0
DA:32,0
DA:33,0
DA:36,0
DA:37,0
DA:38,0
DA:39,0
DA:43,0
DA:46,0
DA:66,0
DA:67,0
DA:68,0
DA:70,0
DA:71,0
DA:72,0
DA:75,0
DA:76,0
DA:91,0
DA:101,0
DA:102,0
DA:107,0
DA:109,0
DA:120,0
DA:122,0
DA:124,0
DA:132,0
DA:136,0
DA:140,0
DA:141,0
DA:143,0
DA:144,0
DA:148,0
DA:149,0
DA:153,0
DA:154,0
DA:158,0
DA:159,0
DA:160,0
DA:162,0
DA:163,0
DA:164,0
DA:170,0
DA:173,0
DA:179,0
DA:181,0
DA:195,0
DA:198,0
DA:199,0
DA:207,0
DA:209,0
DA:211,0
DA:225,0
DA:226,0
DA:227,0
DA:237,0
DA:238,0
DA:244,0
DA:257,0
DA:258,0
DA:259,0
DA:269,0
DA:270,0
DA:271,0
DA:285,0
DA:286,0
DA:287,0
DA:298,0
DA:300,0
DA:303,0
DA:308,0
DA:310,0
DA:315,0
DA:317,0
DA:318,0
DA:322,1
DA:323,0
DA:325,0
DA:327,0
DA:329,0
DA:331,0
DA:333,0
DA:337,1
DA:338,0
DA:339,0
DA:340,0
DA:341,0
DA:345,0
DA:348,1
LF:98
LH:11
BRDA:32,0,0,0
BRDA:32,0,1,0
BRDA:36,1,0,0
BRDA:36,1,1,0
BRDA:38,2,0,0
BRDA:38,2,1,0
BRDA:50,3,0,0
BRDA:50,3,1,0
BRDA:71,4,0,0
BRDA:71,4,1,0
BRDA:85,5,0,0
BRDA:85,5,1,0
BRDA:86,6,0,0
BRDA:86,6,1,0
BRDA:101,7,0,0
BRDA:101,7,1,0
BRDA:143,8,0,0
BRDA:143,8,1,0
BRDA:153,9,0,0
BRDA:153,9,1,0
BRDA:158,10,0,0
BRDA:158,10,1,0
BRDA:159,11,0,0
BRDA:159,11,1,0
BRDA:160,12,0,0
BRDA:160,12,1,0
BRDA:198,13,0,0
BRDA:198,13,1,0
BRDA:226,14,0,0
BRDA:226,14,1,0
BRDA:238,15,0,0
BRDA:238,15,1,0
BRDA:239,16,0,0
BRDA:239,16,1,0
BRDA:239,16,2,0
BRDA:239,16,3,0
BRDA:258,17,0,0
BRDA:258,17,1,0
BRDA:270,18,0,0
BRDA:270,18,1,0
BRDA:286,19,0,0
BRDA:286,19,1,0
BRDA:323,20,0,0
BRDA:323,20,1,0
BRDA:323,20,2,0
BRDA:323,20,3,0
BRDA:323,20,4,0
BRF:47
BRH:0
end_of_record
TN:
SF:utils\seatGenerator.js
FN:1,(anonymous_0)
FN:3,(anonymous_1)
FN:6,(anonymous_2)
FN:7,(anonymous_3)
FNF:4
FNH:0
FNDA:0,(anonymous_0)
FNDA:0,(anonymous_1)
FNDA:0,(anonymous_2)
FNDA:0,(anonymous_3)
DA:1,1
DA:2,0
DA:3,0
DA:4,0
DA:6,0
DA:7,0
DA:8,0
DA:19,0
DA:22,1
LF:9
LH:2
BRF:0
BRH:0
end_of_record
TN:
SF:utils\sendEmail.js
FN:3,(anonymous_0)
FNF:1
FNH:1
FNDA:1,(anonymous_0)
DA:1,1
DA:3,1
DA:9,1
DA:20,1
DA:31,1
DA:34,1
LF:6
LH:6
BRF:0
BRH:0
end_of_record
